#
# There is insufficient memory for the Java Runtime Environment to continue.
# Native memory allocation (malloc) failed to allocate 1345856 bytes for Chunk::new
# Possible reasons:
#   The system is out of physical RAM or swap space
#   In 32 bit mode, the process size limit was hit
# Possible solutions:
#   Reduce memory load on the system
#   Increase physical memory or swap space
#   Check if swap backing store is full
#   Use 64 bit Java on a 64 bit OS
#   Decrease Java heap size (-Xmx/-Xms)
#   Decrease number of Java threads
#   Decrease Java thread stack sizes (-Xss)
#   Set larger code cache with -XX:ReservedCodeCacheSize=
# This output file may be truncated or incomplete.
#
#  Out of Memory Error (allocation.cpp:390), pid=21476, tid=0x0000000000002b94
#
# JRE version: Java(TM) SE Runtime Environment (8.0_131-b11) (build 1.8.0_131-b11)
# Java VM: Java HotSpot(TM) 64-Bit Server VM (25.131-b11 mixed mode windows-amd64 compressed oops)
# Failed to write core dump. Minidumps are not enabled by default on client versions of Windows
#

---------------  T H R E A D  ---------------

Current thread (0x0000000019fb4000):  JavaThread "C2 CompilerThread1" daemon [_thread_in_native, id=11156, stack(0x000000001a730000,0x000000001a830000)]

Stack: [0x000000001a730000,0x000000001a830000]
[error occurred during error reporting (printing stack bounds), id 0xc0000005]

Native frames: (J=compiled Java code, j=interpreted, Vv=VM code, C=native code)


Current CompileTask:
C2:   4932 1445   !   4       java.net.URLClassLoader$1::run (63 bytes)


---------------  P R O C E S S  ---------------

Java Threads: ( => current thread )
  0x000000001bde3800 JavaThread "Cache worker for file hash cache (E:\TaopiaoProjects\taopiao\.gradle\5.4.1\fileHashes)" [_thread_blocked, id=26440, stack(0x000000001f890000,0x000000001f990000)]
  0x000000001bde1800 JavaThread "Cache worker for journal cache (C:\Users\23774\.gradle\caches\journal-1)" [_thread_blocked, id=18944, stack(0x000000001d5f0000,0x000000001d6f0000)]
  0x000000001bde3000 JavaThread "File lock request listener" [_thread_in_native, id=16944, stack(0x000000001d4f0000,0x000000001d5f0000)]
  0x000000001bde0800 JavaThread "Cache worker for file hash cache (C:\Users\23774\.gradle\caches\5.4.1\fileHashes)" [_thread_blocked, id=21608, stack(0x000000001d3f0000,0x000000001d4f0000)]
  0x000000001bdb7000 JavaThread "Thread-9" [_thread_blocked, id=12656, stack(0x000000001d2f0000,0x000000001d3f0000)]
  0x000000001bdc2800 JavaThread "Stdin handler" [_thread_blocked, id=29224, stack(0x000000001d1f0000,0x000000001d2f0000)]
  0x000000001bdca800 JavaThread "Asynchronous log dispatcher for DefaultDaemonConnection: socket connection from /127.0.0.1:57058 to /127.0.0.1:57059" [_thread_blocked, id=7932, stack(0x000000001cff0000,0x000000001d0f0000)]
  0x000000001bfac800 JavaThread "Daemon worker" [_thread_in_native, id=35724, stack(0x000000001cef0000,0x000000001cff0000)]
  0x000000001bd9a000 JavaThread "Cancel handler" [_thread_blocked, id=38156, stack(0x000000001cdf0000,0x000000001cef0000)]
  0x000000001bd91800 JavaThread "Handler for socket connection from /127.0.0.1:57058 to /127.0.0.1:57059" [_thread_in_native, id=32964, stack(0x000000001caf0000,0x000000001cbf0000)]
  0x000000001bb96800 JavaThread "Daemon" [_thread_blocked, id=25056, stack(0x000000001c9f0000,0x000000001caf0000)]
  0x000000001bb93000 JavaThread "Daemon periodic checks" [_thread_blocked, id=11308, stack(0x000000001c8f0000,0x000000001c9f0000)]
  0x000000001bce4000 JavaThread "Incoming local TCP Connector on port 57058" [_thread_in_native, id=31188, stack(0x000000001c740000,0x000000001c840000)]
  0x000000001bb73000 JavaThread "Daemon health stats" [_thread_blocked, id=27712, stack(0x000000001c420000,0x000000001c520000)]
  0x000000001a046000 JavaThread "Service Thread" daemon [_thread_blocked, id=30256, stack(0x000000001aa30000,0x000000001ab30000)]
  0x0000000019fc6800 JavaThread "C1 CompilerThread3" daemon [_thread_blocked, id=37084, stack(0x000000001a930000,0x000000001aa30000)]
  0x0000000019fc0800 JavaThread "C2 CompilerThread2" daemon [_thread_blocked, id=29540, stack(0x000000001a830000,0x000000001a930000)]
=>0x0000000019fb4000 JavaThread "C2 CompilerThread1" daemon [_thread_in_native, id=11156, stack(0x000000001a730000,0x000000001a830000)]
  0x0000000019fb0800 JavaThread "C2 CompilerThread0" daemon [_thread_in_native, id=34088, stack(0x000000001a630000,0x000000001a730000)]
  0x0000000019faf000 JavaThread "Attach Listener" daemon [_thread_blocked, id=7224, stack(0x000000001a530000,0x000000001a630000)]
  0x0000000019fac800 JavaThread "Signal Dispatcher" daemon [_thread_blocked, id=24668, stack(0x000000001a430000,0x000000001a530000)]
  0x0000000019f40800 JavaThread "Finalizer" daemon [_thread_blocked, id=40456, stack(0x000000001a320000,0x000000001a420000)]
  0x000000001803d000 JavaThread "Reference Handler" daemon [_thread_blocked, id=13292, stack(0x0000000019e20000,0x0000000019f20000)]
  0x000000000123e800 JavaThread "main" [_thread_blocked, id=16528, stack(0x0000000002dd0000,0x0000000002ed0000)]

Other Threads:
  0x0000000018038000 VMThread [stack: 0x0000000019d20000,0x0000000019e20000] [id=796]
  0x000000001a0ba000 WatcherThread [stack: 0x000000001ab30000,0x000000001ac30000] [id=26796]

VM state:not at safepoint (normal execution)

VM Mutex/Monitor currently owned by a thread: None

Heap:
 PSYoungGen      total 38400K, used 13178K [0x00000000d5580000, 0x00000000d8000000, 0x0000000100000000)
  eden space 33280K, 24% used [0x00000000d5580000,0x00000000d5d64a70,0x00000000d7600000)
  from space 5120K, 99% used [0x00000000d7b00000,0x00000000d7ffa040,0x00000000d8000000)
  to   space 5120K, 0% used [0x00000000d7600000,0x00000000d7600000,0x00000000d7b00000)
 ParOldGen       total 87552K, used 5601K [0x0000000080000000, 0x0000000085580000, 0x00000000d5580000)
  object space 87552K, 6% used [0x0000000080000000,0x0000000080578698,0x0000000085580000)
 Metaspace       used 16825K, capacity 17308K, committed 17536K, reserved 1064960K
  class space    used 2478K, capacity 2620K, committed 2688K, reserved 1048576K

Card table byte_map: [0x0000000012390000,0x00000000127a0000] byte_map_base: 0x0000000011f90000

Marking Bits: (ParMarkBitMap*) 0x000000006909c720
 Begin Bits: [0x0000000013250000, 0x0000000015250000)
 End Bits:   [0x0000000015250000, 0x0000000017250000)

Polling page: 0x0000000001200000

CodeCache: size=245760Kb used=5158Kb max_used=5214Kb free=240601Kb
 bounds [0x0000000002fd0000, 0x00000000034f0000, 0x0000000011fd0000]
 total_blobs=1904 nmethods=1505 adapters=312
 compilation: enabled

Compilation events (10 events):
Event: 4.921 Thread 0x0000000019fc6800 1531       3       java.util.concurrent.locks.AbstractQueuedSynchronizer::compareAndSetState (13 bytes)
Event: 4.921 Thread 0x0000000019fc6800 nmethod 1531 0x00000000030de6d0 code [0x00000000030de820, 0x00000000030de990]
Event: 4.923 Thread 0x0000000019fc6800 1532       3       java.util.concurrent.atomic.AtomicLong::compareAndSet (13 bytes)
Event: 4.923 Thread 0x0000000019fc6800 nmethod 1532 0x00000000030eb6d0 code [0x00000000030eb820, 0x00000000030eb990]
Event: 4.924 Thread 0x0000000019fc6800 1533       3       java.util.concurrent.locks.ReentrantLock$Sync::tryRelease (45 bytes)
Event: 4.924 Thread 0x0000000019fc6800 nmethod 1533 0x00000000030fd4d0 code [0x00000000030fd660, 0x00000000030fdc08]
Event: 4.929 Thread 0x0000000019fc6800 1534       3       sun.reflect.MethodAccessorImpl::<init> (5 bytes)
Event: 4.929 Thread 0x0000000019fc6800 nmethod 1534 0x00000000030d29d0 code [0x00000000030d2b40, 0x00000000030d2d50]
Event: 4.929 Thread 0x0000000019fc6800 1535       3       java.lang.reflect.Method::setMethodAccessor (21 bytes)
Event: 4.929 Thread 0x0000000019fc6800 nmethod 1535 0x00000000030e8950 code [0x00000000030e8ac0, 0x00000000030e8e68]

GC Heap History (8 events):
Event: 0.706 GC heap before
{Heap before GC invocations=1 (full 0):
 PSYoungGen      total 38400K, used 33280K [0x00000000d5580000, 0x00000000d8000000, 0x0000000100000000)
  eden space 33280K, 100% used [0x00000000d5580000,0x00000000d7600000,0x00000000d7600000)
  from space 5120K, 0% used [0x00000000d7b00000,0x00000000d7b00000,0x00000000d8000000)
  to   space 5120K, 0% used [0x00000000d7600000,0x00000000d7600000,0x00000000d7b00000)
 ParOldGen       total 87552K, used 0K [0x0000000080000000, 0x0000000085580000, 0x00000000d5580000)
  object space 87552K, 0% used [0x0000000080000000,0x0000000080000000,0x0000000085580000)
 Metaspace       used 6962K, capacity 7224K, committed 7424K, reserved 1056768K
  class space    used 873K, capacity 941K, committed 1024K, reserved 1048576K
Event: 0.712 GC heap after
Heap after GC invocations=1 (full 0):
 PSYoungGen      total 38400K, used 4570K [0x00000000d5580000, 0x00000000d8000000, 0x0000000100000000)
  eden space 33280K, 0% used [0x00000000d5580000,0x00000000d5580000,0x00000000d7600000)
  from space 5120K, 89% used [0x00000000d7600000,0x00000000d7a76b08,0x00000000d7b00000)
  to   space 5120K, 0% used [0x00000000d7b00000,0x00000000d7b00000,0x00000000d8000000)
 ParOldGen       total 87552K, used 8K [0x0000000080000000, 0x0000000085580000, 0x00000000d5580000)
  object space 87552K, 0% used [0x0000000080000000,0x0000000080002000,0x0000000085580000)
 Metaspace       used 6962K, capacity 7224K, committed 7424K, reserved 1056768K
  class space    used 873K, capacity 941K, committed 1024K, reserved 1048576K
}
Event: 1.182 GC heap before
{Heap before GC invocations=2 (full 0):
 PSYoungGen      total 38400K, used 37850K [0x00000000d5580000, 0x00000000d8000000, 0x0000000100000000)
  eden space 33280K, 100% used [0x00000000d5580000,0x00000000d7600000,0x00000000d7600000)
  from space 5120K, 89% used [0x00000000d7600000,0x00000000d7a76b08,0x00000000d7b00000)
  to   space 5120K, 0% used [0x00000000d7b00000,0x00000000d7b00000,0x00000000d8000000)
 ParOldGen       total 87552K, used 8K [0x0000000080000000, 0x0000000085580000, 0x00000000d5580000)
  object space 87552K, 0% used [0x0000000080000000,0x0000000080002000,0x0000000085580000)
 Metaspace       used 8919K, capacity 9216K, committed 9472K, reserved 1056768K
  class space    used 1189K, capacity 1278K, committed 1280K, reserved 1048576K
Event: 1.188 GC heap after
Heap after GC invocations=2 (full 0):
 PSYoungGen      total 38400K, used 4844K [0x00000000d5580000, 0x00000000d8000000, 0x0000000100000000)
  eden space 33280K, 0% used [0x00000000d5580000,0x00000000d5580000,0x00000000d7600000)
  from space 5120K, 94% used [0x00000000d7b00000,0x00000000d7fbb3b8,0x00000000d8000000)
  to   space 5120K, 0% used [0x00000000d7600000,0x00000000d7600000,0x00000000d7b00000)
 ParOldGen       total 87552K, used 16K [0x0000000080000000, 0x0000000085580000, 0x00000000d5580000)
  object space 87552K, 0% used [0x0000000080000000,0x0000000080004000,0x0000000085580000)
 Metaspace       used 8919K, capacity 9216K, committed 9472K, reserved 1056768K
  class space    used 1189K, capacity 1278K, committed 1280K, reserved 1048576K
}
Event: 4.513 GC heap before
{Heap before GC invocations=3 (full 0):
 PSYoungGen      total 38400K, used 38124K [0x00000000d5580000, 0x00000000d8000000, 0x0000000100000000)
  eden space 33280K, 100% used [0x00000000d5580000,0x00000000d7600000,0x00000000d7600000)
  from space 5120K, 94% used [0x00000000d7b00000,0x00000000d7fbb3b8,0x00000000d8000000)
  to   space 5120K, 0% used [0x00000000d7600000,0x00000000d7600000,0x00000000d7b00000)
 ParOldGen       total 87552K, used 16K [0x0000000080000000, 0x0000000085580000, 0x00000000d5580000)
  object space 87552K, 0% used [0x0000000080000000,0x0000000080004000,0x0000000085580000)
 Metaspace       used 13397K, capacity 13772K, committed 13824K, reserved 1060864K
  class space    used 1894K, capacity 2034K, committed 2048K, reserved 1048576K
Event: 4.520 GC heap after
Heap after GC invocations=3 (full 0):
 PSYoungGen      total 38400K, used 5112K [0x00000000d5580000, 0x00000000d8000000, 0x0000000100000000)
  eden space 33280K, 0% used [0x00000000d5580000,0x00000000d5580000,0x00000000d7600000)
  from space 5120K, 99% used [0x00000000d7600000,0x00000000d7afe050,0x00000000d7b00000)
  to   space 5120K, 0% used [0x00000000d7b00000,0x00000000d7b00000,0x00000000d8000000)
 ParOldGen       total 87552K, used 2123K [0x0000000080000000, 0x0000000085580000, 0x00000000d5580000)
  object space 87552K, 2% used [0x0000000080000000,0x0000000080212eb8,0x0000000085580000)
 Metaspace       used 13397K, capacity 13772K, committed 13824K, reserved 1060864K
  class space    used 1894K, capacity 2034K, committed 2048K, reserved 1048576K
}
Event: 4.858 GC heap before
{Heap before GC invocations=4 (full 0):
 PSYoungGen      total 38400K, used 38392K [0x00000000d5580000, 0x00000000d8000000, 0x0000000100000000)
  eden space 33280K, 100% used [0x00000000d5580000,0x00000000d7600000,0x00000000d7600000)
  from space 5120K, 99% used [0x00000000d7600000,0x00000000d7afe050,0x00000000d7b00000)
  to   space 5120K, 0% used [0x00000000d7b00000,0x00000000d7b00000,0x00000000d8000000)
 ParOldGen       total 87552K, used 2123K [0x0000000080000000, 0x0000000085580000, 0x00000000d5580000)
  object space 87552K, 2% used [0x0000000080000000,0x0000000080212eb8,0x0000000085580000)
 Metaspace       used 16323K, capacity 16828K, committed 16896K, reserved 1062912K
  class space    used 2374K, capacity 2524K, committed 2560K, reserved 1048576K
Event: 4.867 GC heap after
Heap after GC invocations=4 (full 0):
 PSYoungGen      total 38400K, used 5096K [0x00000000d5580000, 0x00000000d8000000, 0x0000000100000000)
  eden space 33280K, 0% used [0x00000000d5580000,0x00000000d5580000,0x00000000d7600000)
  from space 5120K, 99% used [0x00000000d7b00000,0x00000000d7ffa040,0x00000000d8000000)
  to   space 5120K, 0% used [0x00000000d7600000,0x00000000d7600000,0x00000000d7b00000)
 ParOldGen       total 87552K, used 5601K [0x0000000080000000, 0x0000000085580000, 0x00000000d5580000)
  object space 87552K, 6% used [0x0000000080000000,0x0000000080578698,0x0000000085580000)
 Metaspace       used 16323K, capacity 16828K, committed 16896K, reserved 1062912K
  class space    used 2374K, capacity 2524K, committed 2560K, reserved 1048576K
}

Deoptimization events (10 events):
Event: 4.295 Thread 0x000000001bd91800 Uncommon trap: reason=unstable_if action=reinterpret pc=0x0000000003378cf0 method=java.util.concurrent.ConcurrentHashMap.putVal(Ljava/lang/Object;Ljava/lang/Object;Z)Ljava/lang/Object; @ 206
Event: 4.357 Thread 0x000000001bfac800 Uncommon trap: reason=bimorphic action=maybe_recompile pc=0x0000000003252c84 method=java.util.HashMap.putVal(ILjava/lang/Object;Ljava/lang/Object;ZZ)Ljava/lang/Object; @ 253
Event: 4.358 Thread 0x000000001bfac800 Uncommon trap: reason=bimorphic action=maybe_recompile pc=0x0000000003252c84 method=java.util.HashMap.putVal(ILjava/lang/Object;Ljava/lang/Object;ZZ)Ljava/lang/Object; @ 253
Event: 4.358 Thread 0x000000001bfac800 Uncommon trap: reason=bimorphic action=maybe_recompile pc=0x0000000003252c84 method=java.util.HashMap.putVal(ILjava/lang/Object;Ljava/lang/Object;ZZ)Ljava/lang/Object; @ 253
Event: 4.358 Thread 0x000000001bfac800 Uncommon trap: reason=bimorphic action=maybe_recompile pc=0x0000000003252c84 method=java.util.HashMap.putVal(ILjava/lang/Object;Ljava/lang/Object;ZZ)Ljava/lang/Object; @ 253
Event: 4.511 Thread 0x000000001bfac800 Uncommon trap: reason=class_check action=maybe_recompile pc=0x000000000329f858 method=java.util.regex.Matcher.match(II)Z @ 86
Event: 4.533 Thread 0x000000001bfac800 Uncommon trap: reason=class_check action=maybe_recompile pc=0x000000000329f858 method=java.util.regex.Matcher.match(II)Z @ 86
Event: 4.533 Thread 0x000000001bfac800 Uncommon trap: reason=class_check action=maybe_recompile pc=0x000000000329f858 method=java.util.regex.Matcher.match(II)Z @ 86
Event: 4.533 Thread 0x000000001bfac800 Uncommon trap: reason=class_check action=maybe_recompile pc=0x0000000003266b9c method=java.util.regex.Matcher.match(II)Z @ 86
Event: 4.736 Thread 0x000000001bfac800 Uncommon trap: reason=unstable_if action=reinterpret pc=0x00000000033702f4 method=java.lang.String.lastIndexOf([CII[CIII)I @ 66

Internal exceptions (10 events):
Event: 4.301 Thread 0x000000001bd91800 Exception <a 'java/lang/NoSuchMethodError': <clinit>> (0x00000000d600ab80) thrown at [C:\re\workspace\8-2-build-windows-amd64-cygwin\jdk8u131\8869\hotspot\src\share\vm\prims\jni.cpp, line 1613]
Event: 4.304 Thread 0x000000001bd91800 Exception <a 'java/lang/NoSuchMethodError': <clinit>> (0x00000000d601dbb0) thrown at [C:\re\workspace\8-2-build-windows-amd64-cygwin\jdk8u131\8869\hotspot\src\share\vm\prims\jni.cpp, line 1613]
Event: 4.306 Thread 0x000000001bd91800 Exception <a 'java/lang/NoSuchMethodError': <clinit>> (0x00000000d6044938) thrown at [C:\re\workspace\8-2-build-windows-amd64-cygwin\jdk8u131\8869\hotspot\src\share\vm\prims\jni.cpp, line 1613]
Event: 4.309 Thread 0x000000001bd91800 Exception <a 'java/lang/NoSuchMethodError': <clinit>> (0x00000000d605c508) thrown at [C:\re\workspace\8-2-build-windows-amd64-cygwin\jdk8u131\8869\hotspot\src\share\vm\prims\jni.cpp, line 1613]
Event: 4.310 Thread 0x000000001bd91800 Exception <a 'java/lang/NoSuchMethodError': <clinit>> (0x00000000d6064fd0) thrown at [C:\re\workspace\8-2-build-windows-amd64-cygwin\jdk8u131\8869\hotspot\src\share\vm\prims\jni.cpp, line 1613]
Event: 4.311 Thread 0x000000001bd91800 Exception <a 'java/lang/NoSuchMethodError': <clinit>> (0x00000000d607b158) thrown at [C:\re\workspace\8-2-build-windows-amd64-cygwin\jdk8u131\8869\hotspot\src\share\vm\prims\jni.cpp, line 1613]
Event: 4.319 Thread 0x000000001bd91800 Exception <a 'java/lang/NoSuchMethodError': <clinit>> (0x00000000d60d7c70) thrown at [C:\re\workspace\8-2-build-windows-amd64-cygwin\jdk8u131\8869\hotspot\src\share\vm\prims\jni.cpp, line 1613]
Event: 4.322 Thread 0x000000001bd91800 Exception <a 'java/lang/NoSuchMethodError': <clinit>> (0x00000000d6104020) thrown at [C:\re\workspace\8-2-build-windows-amd64-cygwin\jdk8u131\8869\hotspot\src\share\vm\prims\jni.cpp, line 1613]
Event: 4.325 Thread 0x000000001bd91800 Exception <a 'java/lang/NoSuchMethodError': <clinit>> (0x00000000d6131b98) thrown at [C:\re\workspace\8-2-build-windows-amd64-cygwin\jdk8u131\8869\hotspot\src\share\vm\prims\jni.cpp, line 1613]
Event: 4.326 Thread 0x000000001bd91800 Exception <a 'java/lang/NoSuchMethodError': <clinit>> (0x00000000d613cf38) thrown at [C:\re\workspace\8-2-build-windows-amd64-cygwin\jdk8u131\8869\hotspot\src\share\vm\prims\jni.cpp, line 1613]

Events (10 events):
Event: 4.928 loading class com/google/common/base/Objects
Event: 4.928 loading class com/google/common/base/Objects done
Event: 4.928 loading class com/google/common/base/ExtraObjectsMethodsForWeb
Event: 4.928 loading class com/google/common/base/ExtraObjectsMethodsForWeb done
Event: 4.929 loading class org/gradle/plugin/management/internal/autoapply/DefaultAutoAppliedPluginHandler
Event: 4.929 loading class org/gradle/plugin/management/internal/autoapply/DefaultAutoAppliedPluginHandler done
Event: 4.929 loading class org/gradle/groovy/scripts/internal/BuildScriptDataSerializer
Event: 4.929 loading class org/gradle/groovy/scripts/internal/BuildScriptDataSerializer done
Event: 4.930 loading class org/gradle/plugin/management/internal/PluginRequestsSerializer
Event: 4.930 loading class org/gradle/plugin/management/internal/PluginRequestsSerializer done


Dynamic libraries:
0x00007ff6e91b0000 - 0x00007ff6e91e7000 	C:\Java\jdk1.8.0_131\bin\java.exe
0x00007ffebfb00000 - 0x00007ffebfcf0000 	C:\WINDOWS\SYSTEM32\ntdll.dll
0x00007ffebefa0000 - 0x00007ffebf052000 	C:\WINDOWS\System32\KERNEL32.DLL
0x00007ffebd770000 - 0x00007ffebda14000 	C:\WINDOWS\System32\KERNELBASE.dll
0x00007ffebf5a0000 - 0x00007ffebf643000 	C:\WINDOWS\System32\ADVAPI32.dll
0x00007ffebdee0000 - 0x00007ffebdf7e000 	C:\WINDOWS\System32\msvcrt.dll
0x00007ffebee60000 - 0x00007ffebeef7000 	C:\WINDOWS\System32\sechost.dll
0x00007ffebe180000 - 0x00007ffebe2a0000 	C:\WINDOWS\System32\RPCRT4.dll
0x00007ffebdfe0000 - 0x00007ffebe174000 	C:\WINDOWS\System32\USER32.dll
0x00007ffebdb20000 - 0x00007ffebdb41000 	C:\WINDOWS\System32\win32u.dll
0x00007ffebef70000 - 0x00007ffebef96000 	C:\WINDOWS\System32\GDI32.dll
0x00007ffebd5d0000 - 0x00007ffebd764000 	C:\WINDOWS\System32\gdi32full.dll
0x00007ffebcb00000 - 0x00007ffebcb9e000 	C:\WINDOWS\System32\msvcp_win.dll
0x00007ffebda20000 - 0x00007ffebdb1a000 	C:\WINDOWS\System32\ucrtbase.dll
0x00007ffea7f00000 - 0x00007ffea8184000 	C:\WINDOWS\WinSxS\amd64_microsoft.windows.common-controls_6595b64144ccf1df_6.0.18362.836_none_e6c4b943130f18ed\COMCTL32.dll
0x00007ffebe400000 - 0x00007ffebe736000 	C:\WINDOWS\System32\combase.dll
0x00007ffebcba0000 - 0x00007ffebcc20000 	C:\WINDOWS\System32\bcryptPrimitives.dll
0x00007ffebddf0000 - 0x00007ffebde1e000 	C:\WINDOWS\System32\IMM32.DLL
0x0000000069120000 - 0x00000000691f2000 	C:\Java\jdk1.8.0_131\jre\bin\msvcr100.dll
0x0000000068880000 - 0x000000006911c000 	C:\Java\jdk1.8.0_131\jre\bin\server\jvm.dll
0x00007ffebe740000 - 0x00007ffebe748000 	C:\WINDOWS\System32\PSAPI.DLL
0x00007ffe96660000 - 0x00007ffe96669000 	C:\WINDOWS\SYSTEM32\WSOCK32.dll
0x00007ffeb77e0000 - 0x00007ffeb77ea000 	C:\WINDOWS\SYSTEM32\VERSION.dll
0x00007ffeb3af0000 - 0x00007ffeb3b14000 	C:\WINDOWS\SYSTEM32\WINMM.dll
0x00007ffebef00000 - 0x00007ffebef6f000 	C:\WINDOWS\System32\WS2_32.dll
0x00007ffeb3ac0000 - 0x00007ffeb3aed000 	C:\WINDOWS\SYSTEM32\winmmbase.dll
0x00007ffebcab0000 - 0x00007ffebcafa000 	C:\WINDOWS\System32\cfgmgr32.dll
0x000000006b2e0000 - 0x000000006b2ef000 	C:\Java\jdk1.8.0_131\jre\bin\verify.dll
0x000000006b2b0000 - 0x000000006b2d9000 	C:\Java\jdk1.8.0_131\jre\bin\java.dll
0x0000000068860000 - 0x0000000068876000 	C:\Java\jdk1.8.0_131\jre\bin\zip.dll
0x00007ffebe770000 - 0x00007ffebee54000 	C:\WINDOWS\System32\SHELL32.dll
0x00007ffebfa10000 - 0x00007ffebfab9000 	C:\WINDOWS\System32\shcore.dll
0x00007ffebcc50000 - 0x00007ffebd3ce000 	C:\WINDOWS\System32\windows.storage.dll
0x00007ffebca20000 - 0x00007ffebca43000 	C:\WINDOWS\System32\profapi.dll
0x00007ffebc9d0000 - 0x00007ffebca1a000 	C:\WINDOWS\System32\powrprof.dll
0x00007ffebc9c0000 - 0x00007ffebc9d0000 	C:\WINDOWS\System32\UMPDC.dll
0x00007ffebde20000 - 0x00007ffebde72000 	C:\WINDOWS\System32\shlwapi.dll
0x00007ffebca50000 - 0x00007ffebca61000 	C:\WINDOWS\System32\kernel.appcore.dll
0x00007ffebca90000 - 0x00007ffebcaa7000 	C:\WINDOWS\System32\cryptsp.dll
0x000000006b380000 - 0x000000006b39a000 	C:\Java\jdk1.8.0_131\jre\bin\net.dll
0x00007ffebc1d0000 - 0x00007ffebc237000 	C:\WINDOWS\system32\mswsock.dll
0x000000006b360000 - 0x000000006b371000 	C:\Java\jdk1.8.0_131\jre\bin\nio.dll
0x00007ffe99b50000 - 0x00007ffe99b76000 	C:\Users\23774\.gradle\native\29\windows-amd64\native-platform.dll
0x000000006b3d0000 - 0x000000006b3dd000 	C:\Java\jdk1.8.0_131\jre\bin\management.dll
0x00007ffebbd40000 - 0x00007ffebbd73000 	C:\WINDOWS\system32\rsaenh.dll
0x00007ffebcc20000 - 0x00007ffebcc46000 	C:\WINDOWS\System32\bcrypt.dll
0x00007ffebc8e0000 - 0x00007ffebc905000 	C:\WINDOWS\SYSTEM32\USERENV.dll
0x00007ffebc3a0000 - 0x00007ffebc3ac000 	C:\WINDOWS\SYSTEM32\CRYPTBASE.dll
0x00007ffebbee0000 - 0x00007ffebbf1a000 	C:\WINDOWS\SYSTEM32\IPHLPAPI.DLL
0x00007ffebe320000 - 0x00007ffebe328000 	C:\WINDOWS\System32\NSI.dll
0x00007ffeb8020000 - 0x00007ffeb8036000 	C:\WINDOWS\SYSTEM32\dhcpcsvc6.DLL
0x00007ffeb8000000 - 0x00007ffeb801c000 	C:\WINDOWS\SYSTEM32\dhcpcsvc.DLL
0x00007ffebbf20000 - 0x00007ffebbfeb000 	C:\WINDOWS\SYSTEM32\DNSAPI.dll

VM Arguments:
jvm_args: -Xmx1536m -Dfile.encoding=GBK -Duser.country=CN -Duser.language=zh -Duser.variant -Xmx2048M 
java_command: org.gradle.launcher.daemon.bootstrap.GradleDaemon 5.4.1
java_class_path (initial): C:\Users\23774\.gradle\wrapper\dists\gradle-5.4.1-all\3221gyojl5jsh0helicew7rwx\gradle-5.4.1\lib\gradle-launcher-5.4.1.jar
Launcher Type: SUN_STANDARD

Environment Variables:
JAVA_HOME=C:\Java\jdk1.8.0_131
JRE_HOME=C:\Java\jre1.8.0_131
_JAVA_OPTIONS=-Xmx2048M
CLASSPATH= .;C:\Java\jdk1.8.0_131\lib;C:\Java\jdk1.8.0_131\lib\tools.jar;F:\apache-tomcat-8.5.50\lib\servlet-api.jar
PATH=C:\Java\jdk1.8.0_131\bin;C:\Java\jdk1.8.0_131\jre\bin;C:\Program Files\Microsoft MPI\Bin\;C:\ProgramData\Oracle\Java\javapath;C:\WINDOWS\system32;C:\WINDOWS;C:\WINDOWS\System32\Wbem;C:\WINDOWS\System32\WindowsPowerShell\v1.0\;C:\WINDOWS\System32\OpenSSH\;C:\Program Files\Microsoft SQL Server\Client SDK\ODBC\130\Tools\Binn\;C:\Program Files (x86)\Microsoft SQL Server\140\Tools\Binn\;C:\Program Files\Microsoft SQL Server\140\Tools\Binn\;C:\Program Files\Microsoft SQL Server\140\DTS\Binn\;C:\Program Files (x86)\Microsoft SQL Server\Client SDK\ODBC\130\Tools\Binn\;C:\Program Files (x86)\Microsoft SQL Server\140\DTS\Binn\;C:\Program Files (x86)\Microsoft SQL Server\140\Tools\Binn\ManagementStudio\;C:\Program Files\VanDyke Software\Clients\;C:\Program Files\dotnet\;C:\Program Files\Microsoft SQL Server\130\Tools\Binn\;C:\Program Files\Microsoft SQL Server\120\Tools\Binn\;F:\ideamaven\apache-maven-3.6.1\bin;F:\ideamaven\apache-maven-3.6.1\bin;F:\apache-tomcat-7.0.94\bin;C:\Program Files\Git\cmd;F:\nodejs\;C:\Users\23774\AppData\Local\Android\Sdk\tools;C:\Users\23774\AppData\Local\Android\Sdk\platform-tools;F:\apache-tomcat-8.5.50\lib;F:\apache-tomcat-8.5.50\bin;C:\Users\23774\AppData\Local\Microsoft\WindowsApps;;F:\Microsoft VS Code\bin;F:\JetBrains\IntelliJ IDEA 2019.3.2\bin;;C:\Users\23774\AppData\Roaming\npm
USERNAME=23774
OS=Windows_NT
PROCESSOR_IDENTIFIER=Intel64 Family 6 Model 94 Stepping 3, GenuineIntel



---------------  S Y S T E M  ---------------

OS: Windows 10.0 , 64 bit Build 18362 (10.0.18362.778)

CPU:total 8 (initial active 8) (4 cores per cpu, 2 threads per core) family 6 model 94 stepping 3, cmov, cx8, fxsr, mmx, sse, sse2, sse3, ssse3, sse4.1, sse4.2, popcnt, avx, avx2, aes, clmul, erms, rtm, 3dnowpref, lzcnt, ht, tsc, tscinvbit, bmi1, bmi2, adx

Memory: 4k page, physical 8299308k(909864k free), swap 33465132k(5328k free)

vm_info: Java HotSpot(TM) 64-Bit Server VM (25.131-b11) for windows-amd64 JRE (1.8.0_131-b11), built on Mar 15 2017 01:23:53 by "java_re" with MS VC++ 10.0 (VS2010)

time: Wed May 27 04:54:23 2020
elapsed time: 4 seconds (0d 0h 0m 4s)

