#
# There is insufficient memory for the Java Runtime Environment to continue.
# Native memory allocation (malloc) failed to allocate 571552 bytes for Chunk::new
# Possible reasons:
#   The system is out of physical RAM or swap space
#   In 32 bit mode, the process size limit was hit
# Possible solutions:
#   Reduce memory load on the system
#   Increase physical memory or swap space
#   Check if swap backing store is full
#   Use 64 bit Java on a 64 bit OS
#   Decrease Java heap size (-Xmx/-Xms)
#   Decrease number of Java threads
#   Decrease Java thread stack sizes (-Xss)
#   Set larger code cache with -XX:ReservedCodeCacheSize=
# This output file may be truncated or incomplete.
#
#  Out of Memory Error (allocation.cpp:390), pid=11988, tid=0x00000000000032f0
#
# JRE version: Java(TM) SE Runtime Environment (8.0_131-b11) (build 1.8.0_131-b11)
# Java VM: Java HotSpot(TM) 64-Bit Server VM (25.131-b11 mixed mode windows-amd64 compressed oops)
# Failed to write core dump. Minidumps are not enabled by default on client versions of Windows
#

---------------  T H R E A D  ---------------

Current thread (0x0000000019d30800):  JavaThread "C2 CompilerThread2" daemon [_thread_in_native, id=13040, stack(0x000000001a590000,0x000000001a690000)]

Stack: [0x000000001a590000,0x000000001a690000]
[error occurred during error reporting (printing stack bounds), id 0xc0000005]

Native frames: (J=compiled Java code, j=interpreted, Vv=VM code, C=native code)


Current CompileTask:
C2:  44732 8875       4       com.sun.tools.javac.comp.Resolve::findInheritedMemberType (202 bytes)


---------------  P R O C E S S  ---------------

Java Threads: ( => current thread )
  0x0000000020d08000 JavaThread "RxComputationThreadPool-8" daemon [_thread_blocked, id=37384, stack(0x0000000028c60000,0x0000000028d60000)]
  0x0000000020cfb000 JavaThread "RxComputationThreadPool-7" daemon [_thread_blocked, id=34464, stack(0x0000000028b60000,0x0000000028c60000)]
  0x0000000020d02000 JavaThread "RxComputationThreadPool-6" daemon [_thread_blocked, id=33504, stack(0x0000000028a60000,0x0000000028b60000)]
  0x0000000020d01000 JavaThread "RxComputationThreadPool-5" daemon [_thread_blocked, id=14264, stack(0x0000000028960000,0x0000000028a60000)]
  0x0000000020d00800 JavaThread "RxComputationThreadPool-4" daemon [_thread_blocked, id=11060, stack(0x0000000028860000,0x0000000028960000)]
  0x0000000020cfc000 JavaThread "RxComputationThreadPool-3" daemon [_thread_blocked, id=37572, stack(0x0000000028760000,0x0000000028860000)]
  0x0000000020cff800 JavaThread "RxComputationThreadPool-2" daemon [_thread_blocked, id=16320, stack(0x0000000028660000,0x0000000028760000)]
  0x0000000020cfd800 JavaThread "RxComputationThreadPool-1" daemon [_thread_blocked, id=32100, stack(0x0000000028430000,0x0000000028530000)]
  0x0000000020cfc800 JavaThread "RxCachedWorkerPoolEvictor-1" daemon [_thread_blocked, id=36776, stack(0x0000000028560000,0x0000000028660000)]
  0x0000000020cfe000 JavaThread "Cache worker for Java compile cache (E:\TaopiaoProjects\taopiao\.gradle\5.4.1\javaCompile)" [_thread_blocked, id=21724, stack(0x0000000027b30000,0x0000000027c30000)]
  0x0000000020cff000 JavaThread "Cache worker for Java compile cache (C:\Users\23774\.gradle\caches\5.4.1\javaCompile)" [_thread_blocked, id=41084, stack(0x0000000027a30000,0x0000000027b30000)]
  0x000000001f9dc800 JavaThread "Cache worker for execution history cache (E:\TaopiaoProjects\taopiao\.gradle\5.4.1\executionHistory)" [_thread_blocked, id=41900, stack(0x0000000026f20000,0x0000000027020000)]
  0x000000001f9da000 JavaThread "Execution worker for ':' Thread 7" [_thread_blocked, id=34448, stack(0x0000000027830000,0x0000000027930000)]
  0x000000001f9d9800 JavaThread "Execution worker for ':' Thread 6" [_thread_blocked, id=17072, stack(0x0000000027730000,0x0000000027830000)]
  0x000000001f9db800 JavaThread "Execution worker for ':' Thread 5" [_thread_blocked, id=37364, stack(0x0000000027630000,0x0000000027730000)]
  0x000000001f9d8800 JavaThread "Execution worker for ':' Thread 4" [_thread_in_native, id=2824, stack(0x0000000027530000,0x0000000027630000)]
  0x000000001f9db000 JavaThread "Execution worker for ':' Thread 3" [_thread_blocked, id=40044, stack(0x0000000027430000,0x0000000027530000)]
  0x000000001f9d1000 JavaThread "Execution worker for ':' Thread 2" [_thread_blocked, id=43876, stack(0x0000000027330000,0x0000000027430000)]
  0x000000001f9d7800 JavaThread "Execution worker for ':'" [_thread_blocked, id=39292, stack(0x0000000027230000,0x0000000027330000)]
  0x000000001f9d0000 JavaThread "Cache worker for file content cache (E:\TaopiaoProjects\taopiao\.gradle\5.4.1\fileContent)" [_thread_blocked, id=38060, stack(0x00000000267e0000,0x00000000268e0000)]
  0x000000001f9d7000 JavaThread "Cache worker for file content cache (C:\Users\23774\.gradle\caches\5.4.1\fileContent)" [_thread_blocked, id=6504, stack(0x00000000266e0000,0x00000000267e0000)]
  0x000000001f9cf800 JavaThread "Memory manager" [_thread_blocked, id=39496, stack(0x00000000265e0000,0x00000000266e0000)]
  0x000000001f9d6000 JavaThread "Cache worker for Build Output Cleanup Cache (E:\TaopiaoProjects\taopiao\.gradle\buildOutputCleanup)" [_thread_blocked, id=10412, stack(0x0000000025ae0000,0x0000000025be0000)]
  0x000000001f9ce800 JavaThread "pool-1-thread-1" [_thread_blocked, id=4756, stack(0x00000000257e0000,0x00000000258e0000)]
  0x000000001f9d5800 JavaThread "Build operations Thread 8" [_thread_blocked, id=1264, stack(0x0000000024230000,0x0000000024330000)]
  0x000000001f9ce000 JavaThread "Build operations Thread 7" [_thread_blocked, id=38124, stack(0x0000000023ee0000,0x0000000023fe0000)]
  0x000000001f9d4800 JavaThread "Build operations Thread 6" [_thread_blocked, id=41216, stack(0x0000000023de0000,0x0000000023ee0000)]
  0x000000001f9d4000 JavaThread "Build operations Thread 5" [_thread_blocked, id=36792, stack(0x0000000023ce0000,0x0000000023de0000)]
  0x000000001f9d3000 JavaThread "Build operations Thread 4" [_thread_blocked, id=12540, stack(0x0000000023be0000,0x0000000023ce0000)]
  0x000000001f9d2800 JavaThread "Build operations Thread 3" [_thread_blocked, id=35428, stack(0x0000000023ae0000,0x0000000023be0000)]
  0x000000001f9d1800 JavaThread "Build operations Thread 2" [_thread_blocked, id=32332, stack(0x00000000239e0000,0x0000000023ae0000)]
  0x000000001f9cd000 JavaThread "Build operations" [_thread_blocked, id=37040, stack(0x00000000238e0000,0x00000000239e0000)]
  0x000000001ad17800 JavaThread "Cache worker for execution history cache (C:\Users\23774\.gradle\caches\5.4.1\executionHistory)" [_thread_blocked, id=26072, stack(0x00000000237e0000,0x00000000238e0000)]
  0x000000001ad16800 JavaThread "Cache worker for cache directory md-rule (C:\Users\23774\.gradle\caches\5.4.1\md-rule)" [_thread_blocked, id=26512, stack(0x00000000235d0000,0x00000000236d0000)]
  0x000000001ad18000 JavaThread "Cache worker for cache directory md-supplier (C:\Users\23774\.gradle\caches\5.4.1\md-supplier)" [_thread_blocked, id=42648, stack(0x00000000236e0000,0x00000000237e0000)]
  0x000000001ad13800 JavaThread "Cache worker for file hash cache (E:\TaopiaoProjects\taopiao\.gradle\5.4.1\fileHashes)" [_thread_blocked, id=39168, stack(0x0000000020840000,0x0000000020940000)]
  0x000000001ad19800 JavaThread "Cache worker for journal cache (C:\Users\23774\.gradle\caches\journal-1)" [_thread_blocked, id=23436, stack(0x000000001d310000,0x000000001d410000)]
  0x000000001ad14800 JavaThread "File lock request listener" [_thread_in_native, id=8872, stack(0x000000001d210000,0x000000001d310000)]
  0x000000001ad19000 JavaThread "Cache worker for file hash cache (C:\Users\23774\.gradle\caches\5.4.1\fileHashes)" [_thread_blocked, id=4028, stack(0x000000001d110000,0x000000001d210000)]
  0x000000001afb1800 JavaThread "Thread-9" [_thread_blocked, id=12388, stack(0x000000001d010000,0x000000001d110000)]
  0x000000001aeeb800 JavaThread "Stdin handler" [_thread_blocked, id=12968, stack(0x000000001cf10000,0x000000001d010000)]
  0x000000001af2f800 JavaThread "Asynchronous log dispatcher for DefaultDaemonConnection: socket connection from /127.0.0.1:56962 to /127.0.0.1:56963" [_thread_blocked, id=30756, stack(0x000000001cd10000,0x000000001ce10000)]
  0x000000001b90d800 JavaThread "Daemon worker" [_thread_blocked, id=15500, stack(0x000000001cc10000,0x000000001cd10000)]
  0x000000001b90c000 JavaThread "Cancel handler" [_thread_blocked, id=21704, stack(0x000000001cb10000,0x000000001cc10000)]
  0x000000001baf5000 JavaThread "Handler for socket connection from /127.0.0.1:56962 to /127.0.0.1:56963" [_thread_in_native, id=14924, stack(0x000000001c810000,0x000000001c910000)]
  0x000000001baf2800 JavaThread "Daemon" [_thread_blocked, id=22520, stack(0x000000001c710000,0x000000001c810000)]
  0x000000001ba65000 JavaThread "Daemon periodic checks" [_thread_blocked, id=14104, stack(0x000000001c610000,0x000000001c710000)]
  0x000000001ba5e800 JavaThread "Incoming local TCP Connector on port 56962" [_thread_in_native, id=11572, stack(0x000000001c460000,0x000000001c560000)]
  0x000000001ba37800 JavaThread "Daemon health stats" [_thread_blocked, id=18052, stack(0x000000001c160000,0x000000001c260000)]
  0x0000000019dad000 JavaThread "Service Thread" daemon [_thread_blocked, id=34652, stack(0x000000001a790000,0x000000001a890000)]
  0x0000000019d36000 JavaThread "C1 CompilerThread3" daemon [_thread_blocked, id=2692, stack(0x000000001a690000,0x000000001a790000)]
=>0x0000000019d30800 JavaThread "C2 CompilerThread2" daemon [_thread_in_native, id=13040, stack(0x000000001a590000,0x000000001a690000)]
  0x0000000019d20800 JavaThread "C2 CompilerThread1" daemon [_thread_in_native, id=37608, stack(0x000000001a490000,0x000000001a590000)]
  0x0000000019d1c800 JavaThread "C2 CompilerThread0" daemon [_thread_in_native, id=25112, stack(0x000000001a390000,0x000000001a490000)]
  0x0000000019d1b000 JavaThread "Attach Listener" daemon [_thread_blocked, id=3908, stack(0x000000001a290000,0x000000001a390000)]
  0x0000000019d1a000 JavaThread "Signal Dispatcher" daemon [_thread_blocked, id=32944, stack(0x000000001a190000,0x000000001a290000)]
  0x0000000002d39000 JavaThread "Finalizer" daemon [_thread_blocked, id=28356, stack(0x000000001a090000,0x000000001a190000)]
  0x0000000017dad800 JavaThread "Reference Handler" daemon [_thread_blocked, id=10212, stack(0x0000000019b90000,0x0000000019c90000)]
  0x0000000002c3e800 JavaThread "main" [_thread_blocked, id=15252, stack(0x0000000002a60000,0x0000000002b60000)]

Other Threads:
  0x0000000017da8800 VMThread [stack: 0x0000000019a90000,0x0000000019b90000] [id=25792]
  0x0000000019e2f000 WatcherThread [stack: 0x000000001a890000,0x000000001a990000] [id=16908]

VM state:not at safepoint (normal execution)

VM Mutex/Monitor currently owned by a thread: None

Heap:
 PSYoungGen      total 120320K, used 18903K [0x00000000d5580000, 0x00000000dd880000, 0x0000000100000000)
  eden space 109568K, 17% used [0x00000000d5580000,0x00000000d67f5fa8,0x00000000dc080000)
  from space 10752K, 0% used [0x00000000dcd80000,0x00000000dcd80000,0x00000000dd800000)
  to   space 12288K, 73% used [0x00000000dc080000,0x00000000dc95d7a8,0x00000000dcc80000)
 ParOldGen       total 73216K, used 72717K [0x0000000080000000, 0x0000000084780000, 0x00000000d5580000)
  object space 73216K, 99% used [0x0000000080000000,0x00000000847036f8,0x0000000084780000)
 Metaspace       used 68103K, capacity 70040K, committed 70784K, reserved 1110016K
  class space    used 9261K, capacity 9715K, committed 9856K, reserved 1048576K

Card table byte_map: [0x0000000012100000,0x0000000012510000] byte_map_base: 0x0000000011d00000

Marking Bits: (ParMarkBitMap*) 0x000000006909c720
 Begin Bits: [0x0000000012fc0000, 0x0000000014fc0000)
 End Bits:   [0x0000000014fc0000, 0x0000000016fc0000)

Polling page: 0x0000000000f00000

CodeCache: size=245760Kb used=25102Kb max_used=27047Kb free=220657Kb
 bounds [0x0000000002d40000, 0x00000000047d0000, 0x0000000011d40000]
 total_blobs=8404 nmethods=7571 adapters=744
 compilation: enabled

Compilation events (10 events):
Event: 44.669 Thread 0x0000000019d36000 8999       3       com.sun.tools.javac.comp.Enter::topLevelEnv (89 bytes)
Event: 44.669 Thread 0x0000000019d36000 nmethod 8999 0x00000000047a8010 code [0x00000000047a8200, 0x00000000047a8bb8]
Event: 44.669 Thread 0x0000000019d36000 9000       3       com.sun.tools.javac.code.Scope$StarImportScope::<init> (6 bytes)
Event: 44.670 Thread 0x0000000019d36000 nmethod 9000 0x00000000047a9050 code [0x00000000047a91c0, 0x00000000047a94a8]
Event: 44.671 Thread 0x0000000019d36000 9003       3       com.sun.tools.javac.jvm.ClassReader::initParameterNames (58 bytes)
Event: 44.672 Thread 0x0000000019d36000 nmethod 9003 0x00000000047a9610 code [0x00000000047a97e0, 0x00000000047a9ff8]
Event: 44.686 Thread 0x0000000019d20800 nmethod 8808 0x00000000047b4990 code [0x00000000047b58a0, 0x00000000047bb9d8]
Event: 44.686 Thread 0x0000000019d20800 8997       4       com.sun.tools.javac.util.Name$Table::equals (44 bytes)
Event: 44.687 Thread 0x0000000019d1c800 nmethod 8934 0x00000000047ad5d0 code [0x00000000047ada60, 0x00000000047af868]
Event: 44.688 Thread 0x0000000019d1c800 9001       4       com.sun.tools.javac.util.UnsharedNameTable::fromUtf (232 bytes)

GC Heap History (10 events):
Event: 20.215 GC heap before
{Heap before GC invocations=17 (full 3):
 PSYoungGen      total 120320K, used 8298K [0x00000000d5580000, 0x00000000dd880000, 0x0000000100000000)
  eden space 109568K, 0% used [0x00000000d5580000,0x00000000d5580000,0x00000000dc080000)
  from space 10752K, 77% used [0x00000000dcd80000,0x00000000dd59a868,0x00000000dd800000)
  to   space 12288K, 0% used [0x00000000dc080000,0x00000000dc080000,0x00000000dcc80000)
 ParOldGen       total 71168K, used 27372K [0x0000000080000000, 0x0000000084580000, 0x00000000d5580000)
  object space 71168K, 38% used [0x0000000080000000,0x0000000081abb3e0,0x0000000084580000)
 Metaspace       used 57332K, capacity 58884K, committed 59028K, reserved 1099776K
  class space    used 7970K, capacity 8341K, committed 8448K, reserved 1048576K
Event: 20.465 GC heap after
Heap after GC invocations=17 (full 3):
 PSYoungGen      total 120320K, used 0K [0x00000000d5580000, 0x00000000dd880000, 0x0000000100000000)
  eden space 109568K, 0% used [0x00000000d5580000,0x00000000d5580000,0x00000000dc080000)
  from space 10752K, 0% used [0x00000000dcd80000,0x00000000dcd80000,0x00000000dd800000)
  to   space 12288K, 0% used [0x00000000dc080000,0x00000000dc080000,0x00000000dcc80000)
 ParOldGen       total 71168K, used 32349K [0x0000000080000000, 0x0000000084580000, 0x00000000d5580000)
  object space 71168K, 45% used [0x0000000080000000,0x0000000081f976e0,0x0000000084580000)
 Metaspace       used 57332K, capacity 58884K, committed 59028K, reserved 1099776K
  class space    used 7970K, capacity 8341K, committed 8448K, reserved 1048576K
}
Event: 24.710 GC heap before
{Heap before GC invocations=18 (full 3):
 PSYoungGen      total 120320K, used 109568K [0x00000000d5580000, 0x00000000dd880000, 0x0000000100000000)
  eden space 109568K, 100% used [0x00000000d5580000,0x00000000dc080000,0x00000000dc080000)
  from space 10752K, 0% used [0x00000000dcd80000,0x00000000dcd80000,0x00000000dd800000)
  to   space 12288K, 0% used [0x00000000dc080000,0x00000000dc080000,0x00000000dcc80000)
 ParOldGen       total 71168K, used 32349K [0x0000000080000000, 0x0000000084580000, 0x00000000d5580000)
  object space 71168K, 45% used [0x0000000080000000,0x0000000081f976e0,0x0000000084580000)
 Metaspace       used 60181K, capacity 62390K, committed 62720K, reserved 1103872K
  class space    used 8395K, capacity 8878K, committed 8960K, reserved 1048576K
Event: 24.719 GC heap after
Heap after GC invocations=18 (full 3):
 PSYoungGen      total 121856K, used 9224K [0x00000000d5580000, 0x00000000dd880000, 0x0000000100000000)
  eden space 109568K, 0% used [0x00000000d5580000,0x00000000d5580000,0x00000000dc080000)
  from space 12288K, 75% used [0x00000000dc080000,0x00000000dc982058,0x00000000dcc80000)
  to   space 10752K, 0% used [0x00000000dcd80000,0x00000000dcd80000,0x00000000dd800000)
 ParOldGen       total 71168K, used 32357K [0x0000000080000000, 0x0000000084580000, 0x00000000d5580000)
  object space 71168K, 45% used [0x0000000080000000,0x0000000081f996e0,0x0000000084580000)
 Metaspace       used 60181K, capacity 62390K, committed 62720K, reserved 1103872K
  class space    used 8395K, capacity 8878K, committed 8960K, reserved 1048576K
}
Event: 35.708 GC heap before
{Heap before GC invocations=19 (full 3):
 PSYoungGen      total 121856K, used 118792K [0x00000000d5580000, 0x00000000dd880000, 0x0000000100000000)
  eden space 109568K, 100% used [0x00000000d5580000,0x00000000dc080000,0x00000000dc080000)
  from space 12288K, 75% used [0x00000000dc080000,0x00000000dc982058,0x00000000dcc80000)
  to   space 10752K, 0% used [0x00000000dcd80000,0x00000000dcd80000,0x00000000dd800000)
 ParOldGen       total 71168K, used 32357K [0x0000000080000000, 0x0000000084580000, 0x00000000d5580000)
  object space 71168K, 45% used [0x0000000080000000,0x0000000081f996e0,0x0000000084580000)
 Metaspace       used 65463K, capacity 67814K, committed 67968K, reserved 1107968K
  class space    used 9068K, capacity 9572K, committed 9600K, reserved 1048576K
Event: 35.732 GC heap after
Heap after GC invocations=19 (full 3):
 PSYoungGen      total 120320K, used 10746K [0x00000000d5580000, 0x00000000dd880000, 0x0000000100000000)
  eden space 109568K, 0% used [0x00000000d5580000,0x00000000d5580000,0x00000000dc080000)
  from space 10752K, 99% used [0x00000000dcd80000,0x00000000dd7fe9a8,0x00000000dd800000)
  to   space 12288K, 0% used [0x00000000dc080000,0x00000000dc080000,0x00000000dcc80000)
 ParOldGen       total 71168K, used 51346K [0x0000000080000000, 0x0000000084580000, 0x00000000d5580000)
  object space 71168K, 72% used [0x0000000080000000,0x0000000083224930,0x0000000084580000)
 Metaspace       used 65463K, capacity 67814K, committed 67968K, reserved 1107968K
  class space    used 9068K, capacity 9572K, committed 9600K, reserved 1048576K
}
Event: 44.097 GC heap before
{Heap before GC invocations=20 (full 3):
 PSYoungGen      total 120320K, used 120314K [0x00000000d5580000, 0x00000000dd880000, 0x0000000100000000)
  eden space 109568K, 100% used [0x00000000d5580000,0x00000000dc080000,0x00000000dc080000)
  from space 10752K, 99% used [0x00000000dcd80000,0x00000000dd7fe9a8,0x00000000dd800000)
  to   space 12288K, 0% used [0x00000000dc080000,0x00000000dc080000,0x00000000dcc80000)
 ParOldGen       total 71168K, used 51346K [0x0000000080000000, 0x0000000084580000, 0x00000000d5580000)
  object space 71168K, 72% used [0x0000000080000000,0x0000000083224930,0x0000000084580000)
 Metaspace       used 68297K, capacity 70584K, committed 70784K, reserved 1110016K
  class space    used 9329K, capacity 9831K, committed 9856K, reserved 1048576K
Event: 44.187 GC heap after
Heap after GC invocations=20 (full 3):
 PSYoungGen      total 120320K, used 120314K [0x00000000d5580000, 0x00000000dd880000, 0x0000000100000000)
  eden space 109568K, 100% used [0x00000000d5580000,0x00000000dc080000,0x00000000dc080000)
  from space 10752K, 99% used [0x00000000dcd80000,0x00000000dd7fe9a8,0x00000000dd800000)
  to   space 12288K, 99% used [0x00000000dc080000,0x00000000dcc79c70,0x00000000dcc80000)
 ParOldGen       total 73216K, used 73215K [0x0000000080000000, 0x0000000084780000, 0x00000000d5580000)
  object space 73216K, 99% used [0x0000000080000000,0x000000008477fdb0,0x0000000084780000)
 Metaspace       used 68297K, capacity 70584K, committed 70784K, reserved 1110016K
  class space    used 9329K, capacity 9831K, committed 9856K, reserved 1048576K
}
Event: 44.187 GC heap before
{Heap before GC invocations=21 (full 4):
 PSYoungGen      total 120320K, used 120314K [0x00000000d5580000, 0x00000000dd880000, 0x0000000100000000)
  eden space 109568K, 100% used [0x00000000d5580000,0x00000000dc080000,0x00000000dc080000)
  from space 10752K, 99% used [0x00000000dcd80000,0x00000000dd7fe9a8,0x00000000dd800000)
  to   space 12288K, 99% used [0x00000000dc080000,0x00000000dcc79c70,0x00000000dcc80000)
 ParOldGen       total 73216K, used 73215K [0x0000000080000000, 0x0000000084780000, 0x00000000d5580000)
  object space 73216K, 99% used [0x0000000080000000,0x000000008477fdb0,0x0000000084780000)
 Metaspace       used 68297K, capacity 70584K, committed 70784K, reserved 1110016K
  class space    used 9329K, capacity 9831K, committed 9856K, reserved 1048576K
Event: 44.640 GC heap after
Heap after GC invocations=21 (full 4):
 PSYoungGen      total 120320K, used 0K [0x00000000d5580000, 0x00000000dd880000, 0x0000000100000000)
  eden space 109568K, 0% used [0x00000000d5580000,0x00000000d5580000,0x00000000dc080000)
  from space 10752K, 0% used [0x00000000dcd80000,0x00000000dcd80000,0x00000000dd800000)
  to   space 12288K, 73% used [0x00000000dc080000,0x00000000dc95d7a8,0x00000000dcc80000)
 ParOldGen       total 73216K, used 72717K [0x0000000080000000, 0x0000000084780000, 0x00000000d5580000)
  object space 73216K, 99% used [0x0000000080000000,0x00000000847036f8,0x0000000084780000)
 Metaspace       used 68082K, capacity 69976K, committed 70784K, reserved 1110016K
  class space    used 9261K, capacity 9715K, committed 9856K, reserved 1048576K
}

Deoptimization events (10 events):
Event: 43.916 Thread 0x000000001f9d8800 Uncommon trap: reason=unstable_if action=reinterpret pc=0x00000000036d733c method=com.sun.tools.javac.comp.Check.checkFlags(Lcom/sun/tools/javac/util/JCDiagnostic$DiagnosticPosition;JLcom/sun/tools/javac/code/Symbol;Lcom/sun/tools/javac/tree/JCTree;)J @ 6
Event: 43.927 Thread 0x000000001f9d8800 Uncommon trap: reason=unstable_if action=reinterpret pc=0x00000000045d79e0 method=com.sun.tools.javac.jvm.ClassReader.initParameterNames(Lcom/sun/tools/javac/code/Symbol$MethodSymbol;)V @ 17
Event: 43.937 Thread 0x000000001f9d8800 Uncommon trap: reason=unstable_if action=reinterpret pc=0x000000000458ce78 method=com.sun.tools.javac.code.Types$18.visitClassType(Lcom/sun/tools/javac/code/Type$ClassType;Ljava/lang/Void;)Lcom/sun/tools/javac/code/Type; @ 4
Event: 43.963 Thread 0x000000001f9d8800 Uncommon trap: reason=unstable_if action=reinterpret pc=0x000000000465b500 method=com.sun.tools.javac.code.Type$ClassType.getTypeArguments()Lcom/sun/tools/javac/util/List; @ 15
Event: 44.052 Thread 0x000000001f9d8800 Uncommon trap: reason=unstable_if action=reinterpret pc=0x00000000045fac48 method=com.sun.tools.javac.comp.Attr.visitIdent(Lcom/sun/tools/javac/tree/JCTree$JCIdent;)V @ 178
Event: 44.061 Thread 0x000000001f9d8800 Uncommon trap: reason=unstable_if action=reinterpret pc=0x00000000046b5d74 method=com.sun.tools.javac.code.Type.isInterface()Z @ 13
Event: 44.653 Thread 0x000000001f9d8800 Uncommon trap: reason=null_check action=make_not_entrant pc=0x00000000042ae8b8 method=com.sun.tools.javac.util.UnsharedNameTable.fromUtf([BII)Lcom/sun/tools/javac/util/Name; @ 50
Event: 44.654 Thread 0x000000001f9d8800 Uncommon trap: reason=unstable_if action=reinterpret pc=0x00000000039d3cf0 method=com.sun.tools.javac.util.Name$Table.equals([BI[BII)Z @ 22
Event: 44.657 Thread 0x000000001f9d8800 Uncommon trap: reason=class_check action=maybe_recompile pc=0x000000000460ced4 method=com.sun.tools.javac.util.ListBuffer.next()Ljava/lang/Object; @ 12
Event: 44.671 Thread 0x000000001f9d8800 Uncommon trap: reason=unstable_if action=reinterpret pc=0x00000000045c695c method=com.sun.tools.javac.jvm.ClassReader.initParameterNames(Lcom/sun/tools/javac/code/Symbol$MethodSymbol;)V @ 17

Internal exceptions (10 events):
Event: 23.218 Thread 0x000000001afb1800 Exception <a 'java/lang/NoSuchMethodError': <clinit>> (0x00000000d8e975e0) thrown at [C:\re\workspace\8-2-build-windows-amd64-cygwin\jdk8u131\8869\hotspot\src\share\vm\prims\jni.cpp, line 1613]
Event: 23.605 Thread 0x000000001afb1800 Exception <a 'java/lang/NoSuchMethodError': <clinit>> (0x00000000d9da0870) thrown at [C:\re\workspace\8-2-build-windows-amd64-cygwin\jdk8u131\8869\hotspot\src\share\vm\prims\jni.cpp, line 1613]
Event: 23.635 Thread 0x000000001f9d4800 Implicit null exception at 0x0000000003aa1ee0 to 0x0000000003aa21c0
Event: 24.726 Thread 0x000000001f9db000 Exception <a 'java/lang/NoSuchMethodError': <clinit>> (0x00000000d5623688) thrown at [C:\re\workspace\8-2-build-windows-amd64-cygwin\jdk8u131\8869\hotspot\src\share\vm\prims\jni.cpp, line 1613]
Event: 35.934 Thread 0x000000001f9d8800 Implicit null exception at 0x0000000004491e98 to 0x0000000004491ece
Event: 43.886 Thread 0x000000001f9d8800 Implicit null exception at 0x0000000004551171 to 0x000000000455152d
Event: 43.889 Thread 0x000000001f9d8800 Implicit null exception at 0x000000000465929d to 0x000000000465a009
Event: 43.927 Thread 0x000000001f9d8800 Implicit null exception at 0x00000000045d58c3 to 0x00000000045d79bd
Event: 44.653 Thread 0x000000001f9d8800 Implicit null exception at 0x00000000042ae1a3 to 0x00000000042ae871
Event: 44.671 Thread 0x000000001f9d8800 Implicit null exception at 0x00000000045c667a to 0x00000000045c6945

Events (10 events):
Event: 44.657 Thread 0x000000001f9d8800 DEOPT UNPACKING pc=0x0000000002d8582a sp=0x000000002762abf0 mode 2
Event: 44.670 Executing VM operation: ForceSafepoint
Event: 44.670 Executing VM operation: ForceSafepoint done
Event: 44.671 Thread 0x000000001f9d8800 Uncommon trap: trap_request=0xffffff65 fr.pc=0x00000000045c695c
Event: 44.671 Thread 0x000000001f9d8800 DEOPT PACKING pc=0x00000000045c695c sp=0x00000000276295a0
Event: 44.671 Thread 0x000000001f9d8800 DEOPT UNPACKING pc=0x0000000002d8582a sp=0x0000000027629558 mode 2
Event: 44.687 Thread 0x0000000019d1c800 flushing nmethod 0x0000000002e41c10
Event: 44.687 Thread 0x0000000019d1c800 flushing nmethod 0x0000000002e82a50
Event: 44.687 Thread 0x0000000019d1c800 flushing nmethod 0x0000000002e84e10
Event: 44.687 Thread 0x0000000019d1c800 flushing nmethod 0x0000000002e8cc90


Dynamic libraries:
0x00007ff6e91b0000 - 0x00007ff6e91e7000 	C:\Java\jdk1.8.0_131\bin\java.exe
0x00007ffebfb00000 - 0x00007ffebfcf0000 	C:\WINDOWS\SYSTEM32\ntdll.dll
0x00007ffebefa0000 - 0x00007ffebf052000 	C:\WINDOWS\System32\KERNEL32.DLL
0x00007ffebd770000 - 0x00007ffebda14000 	C:\WINDOWS\System32\KERNELBASE.dll
0x00007ffebf5a0000 - 0x00007ffebf643000 	C:\WINDOWS\System32\ADVAPI32.dll
0x00007ffebdee0000 - 0x00007ffebdf7e000 	C:\WINDOWS\System32\msvcrt.dll
0x00007ffebee60000 - 0x00007ffebeef7000 	C:\WINDOWS\System32\sechost.dll
0x00007ffebe180000 - 0x00007ffebe2a0000 	C:\WINDOWS\System32\RPCRT4.dll
0x00007ffebdfe0000 - 0x00007ffebe174000 	C:\WINDOWS\System32\USER32.dll
0x00007ffebdb20000 - 0x00007ffebdb41000 	C:\WINDOWS\System32\win32u.dll
0x00007ffebef70000 - 0x00007ffebef96000 	C:\WINDOWS\System32\GDI32.dll
0x00007ffebd5d0000 - 0x00007ffebd764000 	C:\WINDOWS\System32\gdi32full.dll
0x00007ffebcb00000 - 0x00007ffebcb9e000 	C:\WINDOWS\System32\msvcp_win.dll
0x00007ffebda20000 - 0x00007ffebdb1a000 	C:\WINDOWS\System32\ucrtbase.dll
0x00007ffea7f00000 - 0x00007ffea8184000 	C:\WINDOWS\WinSxS\amd64_microsoft.windows.common-controls_6595b64144ccf1df_6.0.18362.836_none_e6c4b943130f18ed\COMCTL32.dll
0x00007ffebe400000 - 0x00007ffebe736000 	C:\WINDOWS\System32\combase.dll
0x00007ffebcba0000 - 0x00007ffebcc20000 	C:\WINDOWS\System32\bcryptPrimitives.dll
0x00007ffebddf0000 - 0x00007ffebde1e000 	C:\WINDOWS\System32\IMM32.DLL
0x0000000069120000 - 0x00000000691f2000 	C:\Java\jdk1.8.0_131\jre\bin\msvcr100.dll
0x0000000068880000 - 0x000000006911c000 	C:\Java\jdk1.8.0_131\jre\bin\server\jvm.dll
0x00007ffebe740000 - 0x00007ffebe748000 	C:\WINDOWS\System32\PSAPI.DLL
0x00007ffe96660000 - 0x00007ffe96669000 	C:\WINDOWS\SYSTEM32\WSOCK32.dll
0x00007ffeb77e0000 - 0x00007ffeb77ea000 	C:\WINDOWS\SYSTEM32\VERSION.dll
0x00007ffeb3af0000 - 0x00007ffeb3b14000 	C:\WINDOWS\SYSTEM32\WINMM.dll
0x00007ffebef00000 - 0x00007ffebef6f000 	C:\WINDOWS\System32\WS2_32.dll
0x00007ffeb3ac0000 - 0x00007ffeb3aed000 	C:\WINDOWS\SYSTEM32\WINMMBASE.dll
0x00007ffebcab0000 - 0x00007ffebcafa000 	C:\WINDOWS\System32\cfgmgr32.dll
0x000000006b2e0000 - 0x000000006b2ef000 	C:\Java\jdk1.8.0_131\jre\bin\verify.dll
0x000000006b2b0000 - 0x000000006b2d9000 	C:\Java\jdk1.8.0_131\jre\bin\java.dll
0x0000000068860000 - 0x0000000068876000 	C:\Java\jdk1.8.0_131\jre\bin\zip.dll
0x00007ffebe770000 - 0x00007ffebee54000 	C:\WINDOWS\System32\SHELL32.dll
0x00007ffebfa10000 - 0x00007ffebfab9000 	C:\WINDOWS\System32\shcore.dll
0x00007ffebcc50000 - 0x00007ffebd3ce000 	C:\WINDOWS\System32\windows.storage.dll
0x00007ffebca20000 - 0x00007ffebca43000 	C:\WINDOWS\System32\profapi.dll
0x00007ffebc9d0000 - 0x00007ffebca1a000 	C:\WINDOWS\System32\powrprof.dll
0x00007ffebc9c0000 - 0x00007ffebc9d0000 	C:\WINDOWS\System32\UMPDC.dll
0x00007ffebde20000 - 0x00007ffebde72000 	C:\WINDOWS\System32\shlwapi.dll
0x00007ffebca50000 - 0x00007ffebca61000 	C:\WINDOWS\System32\kernel.appcore.dll
0x00007ffebca90000 - 0x00007ffebcaa7000 	C:\WINDOWS\System32\cryptsp.dll
0x000000006b380000 - 0x000000006b39a000 	C:\Java\jdk1.8.0_131\jre\bin\net.dll
0x00007ffebc1d0000 - 0x00007ffebc237000 	C:\WINDOWS\system32\mswsock.dll
0x000000006b360000 - 0x000000006b371000 	C:\Java\jdk1.8.0_131\jre\bin\nio.dll
0x00007ffe99b50000 - 0x00007ffe99b76000 	C:\Users\23774\.gradle\native\29\windows-amd64\native-platform.dll
0x000000006b3d0000 - 0x000000006b3dd000 	C:\Java\jdk1.8.0_131\jre\bin\management.dll
0x00007ffebbd40000 - 0x00007ffebbd73000 	C:\WINDOWS\system32\rsaenh.dll
0x00007ffebcc20000 - 0x00007ffebcc46000 	C:\WINDOWS\System32\bcrypt.dll
0x00007ffebc8e0000 - 0x00007ffebc905000 	C:\WINDOWS\SYSTEM32\USERENV.dll
0x00007ffebc3a0000 - 0x00007ffebc3ac000 	C:\WINDOWS\SYSTEM32\CRYPTBASE.dll
0x00007ffebbee0000 - 0x00007ffebbf1a000 	C:\WINDOWS\SYSTEM32\IPHLPAPI.DLL
0x00007ffebe320000 - 0x00007ffebe328000 	C:\WINDOWS\System32\NSI.dll
0x00007ffeb8020000 - 0x00007ffeb8036000 	C:\WINDOWS\SYSTEM32\dhcpcsvc6.DLL
0x00007ffeb8000000 - 0x00007ffeb801c000 	C:\WINDOWS\SYSTEM32\dhcpcsvc.DLL
0x00007ffebbf20000 - 0x00007ffebbfeb000 	C:\WINDOWS\SYSTEM32\DNSAPI.dll

VM Arguments:
jvm_args: -Xmx1536m -Dfile.encoding=GBK -Duser.country=CN -Duser.language=zh -Duser.variant -Xmx2048M 
java_command: org.gradle.launcher.daemon.bootstrap.GradleDaemon 5.4.1
java_class_path (initial): C:\Users\23774\.gradle\wrapper\dists\gradle-5.4.1-all\3221gyojl5jsh0helicew7rwx\gradle-5.4.1\lib\gradle-launcher-5.4.1.jar
Launcher Type: SUN_STANDARD

Environment Variables:
JAVA_HOME=C:\Java\jdk1.8.0_131
JRE_HOME=C:\Java\jre1.8.0_131
_JAVA_OPTIONS=-Xmx2048M
CLASSPATH= .;C:\Java\jdk1.8.0_131\lib;C:\Java\jdk1.8.0_131\lib\tools.jar;F:\apache-tomcat-8.5.50\lib\servlet-api.jar
PATH=C:\Java\jdk1.8.0_131\bin;C:\Java\jdk1.8.0_131\jre\bin;C:\Program Files\Microsoft MPI\Bin\;C:\ProgramData\Oracle\Java\javapath;C:\WINDOWS\system32;C:\WINDOWS;C:\WINDOWS\System32\Wbem;C:\WINDOWS\System32\WindowsPowerShell\v1.0\;C:\WINDOWS\System32\OpenSSH\;C:\Program Files\Microsoft SQL Server\Client SDK\ODBC\130\Tools\Binn\;C:\Program Files (x86)\Microsoft SQL Server\140\Tools\Binn\;C:\Program Files\Microsoft SQL Server\140\Tools\Binn\;C:\Program Files\Microsoft SQL Server\140\DTS\Binn\;C:\Program Files (x86)\Microsoft SQL Server\Client SDK\ODBC\130\Tools\Binn\;C:\Program Files (x86)\Microsoft SQL Server\140\DTS\Binn\;C:\Program Files (x86)\Microsoft SQL Server\140\Tools\Binn\ManagementStudio\;C:\Program Files\VanDyke Software\Clients\;C:\Program Files\dotnet\;C:\Program Files\Microsoft SQL Server\130\Tools\Binn\;C:\Program Files\Microsoft SQL Server\120\Tools\Binn\;F:\ideamaven\apache-maven-3.6.1\bin;F:\ideamaven\apache-maven-3.6.1\bin;F:\apache-tomcat-7.0.94\bin;C:\Program Files\Git\cmd;F:\nodejs\;C:\Users\23774\AppData\Local\Android\Sdk\tools;C:\Users\23774\AppData\Local\Android\Sdk\platform-tools;F:\apache-tomcat-8.5.50\lib;F:\apache-tomcat-8.5.50\bin;C:\Users\23774\AppData\Local\Microsoft\WindowsApps;;F:\Microsoft VS Code\bin;F:\JetBrains\IntelliJ IDEA 2019.3.2\bin;;C:\Users\23774\AppData\Roaming\npm
USERNAME=23774
OS=Windows_NT
PROCESSOR_IDENTIFIER=Intel64 Family 6 Model 94 Stepping 3, GenuineIntel



---------------  S Y S T E M  ---------------

OS: Windows 10.0 , 64 bit Build 18362 (10.0.18362.778)

CPU:total 8 (initial active 8) (4 cores per cpu, 2 threads per core) family 6 model 94 stepping 3, cmov, cx8, fxsr, mmx, sse, sse2, sse3, ssse3, sse4.1, sse4.2, popcnt, avx, avx2, aes, clmul, erms, rtm, 3dnowpref, lzcnt, ht, tsc, tscinvbit, bmi1, bmi2, adx

Memory: 4k page, physical 8299308k(809756k free), swap 33465132k(264k free)

vm_info: Java HotSpot(TM) 64-Bit Server VM (25.131-b11) for windows-amd64 JRE (1.8.0_131-b11), built on Mar 15 2017 01:23:53 by "java_re" with MS VC++ 10.0 (VS2010)

time: Wed May 27 04:51:02 2020
elapsed time: 44 seconds (0d 0h 0m 44s)

