#
# There is insufficient memory for the Java Runtime Environment to continue.
# Native memory allocation (malloc) failed to allocate 1064576 bytes for Chunk::new
# Possible reasons:
#   The system is out of physical RAM or swap space
#   In 32 bit mode, the process size limit was hit
# Possible solutions:
#   Reduce memory load on the system
#   Increase physical memory or swap space
#   Check if swap backing store is full
#   Use 64 bit Java on a 64 bit OS
#   Decrease Java heap size (-Xmx/-Xms)
#   Decrease number of Java threads
#   Decrease Java thread stack sizes (-Xss)
#   Set larger code cache with -XX:ReservedCodeCacheSize=
# This output file may be truncated or incomplete.
#
#  Out of Memory Error (allocation.cpp:390), pid=31796, tid=0x000000000000624c
#
# JRE version: Java(TM) SE Runtime Environment (8.0_131-b11) (build 1.8.0_131-b11)
# Java VM: Java HotSpot(TM) 64-Bit Server VM (25.131-b11 mixed mode windows-amd64 compressed oops)
# Failed to write core dump. Minidumps are not enabled by default on client versions of Windows
#

---------------  T H R E A D  ---------------

Current thread (0x000000001a20c800):  JavaThread "C2 CompilerThread0" daemon [_thread_in_native, id=25164, stack(0x000000001a880000,0x000000001a980000)]

Stack: [0x000000001a880000,0x000000001a980000]
[error occurred during error reporting (printing stack bounds), id 0xc0000005]

Native frames: (J=compiled Java code, j=interpreted, Vv=VM code, C=native code)


Current CompileTask:
C2:  66911 11077   !   4       com.sun.tools.javac.comp.Attr::checkMethod (887 bytes)


---------------  P R O C E S S  ---------------

Java Threads: ( => current thread )
  0x0000000023476000 JavaThread "RxComputationThreadPool-8" daemon [_thread_blocked, id=35480, stack(0x00000000280c0000,0x00000000281c0000)]
  0x0000000022162000 JavaThread "RxComputationThreadPool-7" daemon [_thread_blocked, id=39300, stack(0x0000000027fc0000,0x00000000280c0000)]
  0x0000000022160800 JavaThread "RxComputationThreadPool-6" daemon [_thread_blocked, id=35436, stack(0x0000000027ec0000,0x0000000027fc0000)]
  0x000000002215f000 JavaThread "RxComputationThreadPool-5" daemon [_thread_blocked, id=41480, stack(0x0000000027dc0000,0x0000000027ec0000)]
  0x0000000022161800 JavaThread "RxComputationThreadPool-4" daemon [_thread_blocked, id=22140, stack(0x0000000027cc0000,0x0000000027dc0000)]
  0x0000000022166000 JavaThread "RxComputationThreadPool-3" daemon [_thread_blocked, id=22620, stack(0x0000000027bc0000,0x0000000027cc0000)]
  0x0000000022165000 JavaThread "RxComputationThreadPool-2" daemon [_thread_blocked, id=23336, stack(0x0000000027ac0000,0x0000000027bc0000)]
  0x0000000022164800 JavaThread "RxComputationThreadPool-1" daemon [_thread_blocked, id=30788, stack(0x00000000279c0000,0x0000000027ac0000)]
  0x0000000022163800 JavaThread "RxCachedWorkerPoolEvictor-1" daemon [_thread_blocked, id=10880, stack(0x0000000001240000,0x0000000001340000)]
  0x0000000022160000 JavaThread "Cache worker for Java compile cache (E:\TaopiaoProjects\taopiao\.gradle\5.4.1\javaCompile)" [_thread_blocked, id=36916, stack(0x0000000027100000,0x0000000027200000)]
  0x0000000022163000 JavaThread "Cache worker for Java compile cache (C:\Users\23774\.gradle\caches\5.4.1\javaCompile)" [_thread_blocked, id=29564, stack(0x0000000026e00000,0x0000000026f00000)]
  0x000000002150e800 JavaThread "Cache worker for execution history cache (E:\TaopiaoProjects\taopiao\.gradle\5.4.1\executionHistory)" [_thread_blocked, id=5172, stack(0x0000000026b00000,0x0000000026c00000)]
  0x000000002150d000 JavaThread "Execution worker for ':' Thread 7" [_thread_blocked, id=43820, stack(0x0000000026900000,0x0000000026a00000)]
  0x000000002150d800 JavaThread "Execution worker for ':' Thread 6" [_thread_blocked, id=18140, stack(0x0000000026800000,0x0000000026900000)]
  0x000000002150b800 JavaThread "Execution worker for ':' Thread 5" [_thread_blocked, id=42660, stack(0x0000000026700000,0x0000000026800000)]
  0x000000002150f000 JavaThread "Execution worker for ':' Thread 4" [_thread_in_native, id=39928, stack(0x0000000026600000,0x0000000026700000)]
  0x0000000021510000 JavaThread "Execution worker for ':' Thread 3" [_thread_blocked, id=30880, stack(0x0000000026500000,0x0000000026600000)]
  0x000000002150c000 JavaThread "Execution worker for ':' Thread 2" [_thread_in_native, id=43740, stack(0x0000000026400000,0x0000000026500000)]
  0x000000002150a000 JavaThread "Execution worker for ':'" [_thread_blocked, id=24296, stack(0x0000000026300000,0x0000000026400000)]
  0x0000000021509000 JavaThread "Cache worker for file content cache (E:\TaopiaoProjects\taopiao\.gradle\5.4.1\fileContent)" [_thread_blocked, id=92, stack(0x0000000025e00000,0x0000000025f00000)]
  0x0000000021505800 JavaThread "Cache worker for file content cache (C:\Users\23774\.gradle\caches\5.4.1\fileContent)" [_thread_blocked, id=32112, stack(0x0000000025d00000,0x0000000025e00000)]
  0x0000000021504000 JavaThread "Memory manager" [_thread_blocked, id=38808, stack(0x00000000257a0000,0x00000000258a0000)]
  0x000000002150a800 JavaThread "Cache worker for Build Output Cleanup Cache (E:\TaopiaoProjects\taopiao\.gradle\buildOutputCleanup)" [_thread_blocked, id=25008, stack(0x0000000024ea0000,0x0000000024fa0000)]
  0x0000000021501800 JavaThread "pool-1-thread-1" [_thread_blocked, id=23588, stack(0x0000000021b90000,0x0000000021c90000)]
  0x0000000021508800 JavaThread "Build operations Thread 8" [_thread_blocked, id=39248, stack(0x00000000247a0000,0x00000000248a0000)]
  0x0000000021503000 JavaThread "Build operations Thread 7" [_thread_blocked, id=35456, stack(0x00000000246a0000,0x00000000247a0000)]
  0x0000000021507800 JavaThread "Build operations Thread 6" [_thread_blocked, id=34012, stack(0x00000000245a0000,0x00000000246a0000)]
  0x0000000021502000 JavaThread "Build operations Thread 5" [_thread_blocked, id=31004, stack(0x00000000244a0000,0x00000000245a0000)]
  0x0000000021507000 JavaThread "Build operations Thread 4" [_thread_blocked, id=11244, stack(0x00000000243a0000,0x00000000244a0000)]
  0x0000000021500800 JavaThread "Build operations Thread 3" [_thread_blocked, id=14148, stack(0x0000000023000000,0x0000000023100000)]
  0x0000000021504800 JavaThread "Build operations Thread 2" [_thread_blocked, id=26088, stack(0x0000000021db0000,0x0000000021eb0000)]
  0x0000000021506000 JavaThread "Build operations" [_thread_blocked, id=32136, stack(0x0000000021cb0000,0x0000000021db0000)]
  0x000000001bdff800 JavaThread "Cache worker for execution history cache (C:\Users\23774\.gradle\caches\5.4.1\executionHistory)" [_thread_blocked, id=34836, stack(0x0000000022f00000,0x0000000023000000)]
  0x000000001bdfd000 JavaThread "Cache worker for cache directory md-rule (C:\Users\23774\.gradle\caches\5.4.1\md-rule)" [_thread_blocked, id=5884, stack(0x0000000021a90000,0x0000000021b90000)]
  0x000000001bdfc800 JavaThread "Cache worker for cache directory md-supplier (C:\Users\23774\.gradle\caches\5.4.1\md-supplier)" [_thread_blocked, id=29408, stack(0x0000000021990000,0x0000000021a90000)]
  0x000000001bdf9800 JavaThread "Cache worker for file hash cache (E:\TaopiaoProjects\taopiao\.gradle\5.4.1\fileHashes)" [_thread_blocked, id=36004, stack(0x000000001fcc0000,0x000000001fdc0000)]
  0x000000001be00000 JavaThread "Cache worker for journal cache (C:\Users\23774\.gradle\caches\journal-1)" [_thread_blocked, id=30020, stack(0x000000001d820000,0x000000001d920000)]
  0x000000001bdfe800 JavaThread "File lock request listener" [_thread_in_native, id=36652, stack(0x000000001d720000,0x000000001d820000)]
  0x000000001bdfe000 JavaThread "Cache worker for file hash cache (C:\Users\23774\.gradle\caches\5.4.1\fileHashes)" [_thread_blocked, id=39916, stack(0x000000001d620000,0x000000001d720000)]
  0x000000001bead000 JavaThread "Thread-9" [_thread_blocked, id=39556, stack(0x000000001d520000,0x000000001d620000)]
  0x000000001be42000 JavaThread "Stdin handler" [_thread_blocked, id=32484, stack(0x000000001d420000,0x000000001d520000)]
  0x000000001be41000 JavaThread "Asynchronous log dispatcher for DefaultDaemonConnection: socket connection from /127.0.0.1:56257 to /127.0.0.1:56258" [_thread_blocked, id=42692, stack(0x000000001d220000,0x000000001d320000)]
  0x000000001be08000 JavaThread "Daemon worker" [_thread_in_native, id=36120, stack(0x000000001d120000,0x000000001d220000)]
  0x000000001be35000 JavaThread "Cancel handler" [_thread_blocked, id=34212, stack(0x000000001d020000,0x000000001d120000)]
  0x000000001ba8f000 JavaThread "Handler for socket connection from /127.0.0.1:56257 to /127.0.0.1:56258" [_thread_in_native, id=38160, stack(0x000000001cd20000,0x000000001ce20000)]
  0x000000001bd91000 JavaThread "Daemon" [_thread_blocked, id=31692, stack(0x000000001cc20000,0x000000001cd20000)]
  0x000000001bc6c800 JavaThread "Daemon periodic checks" [_thread_blocked, id=20596, stack(0x000000001cb20000,0x000000001cc20000)]
  0x000000001bd11000 JavaThread "Incoming local TCP Connector on port 56257" [_thread_in_native, id=23096, stack(0x000000001c970000,0x000000001ca70000)]
  0x000000001bb0f800 JavaThread "Daemon health stats" [_thread_blocked, id=13724, stack(0x000000001c650000,0x000000001c750000)]
  0x000000001a29c800 JavaThread "Service Thread" daemon [_thread_blocked, id=37224, stack(0x000000001ac80000,0x000000001ad80000)]
  0x000000001a228000 JavaThread "C1 CompilerThread3" daemon [_thread_blocked, id=34924, stack(0x000000001ab80000,0x000000001ac80000)]
  0x000000001a217800 JavaThread "C2 CompilerThread2" daemon [_thread_blocked, id=28540, stack(0x000000001aa80000,0x000000001ab80000)]
  0x000000001a210800 JavaThread "C2 CompilerThread1" daemon [_thread_blocked, id=30496, stack(0x000000001a980000,0x000000001aa80000)]
=>0x000000001a20c800 JavaThread "C2 CompilerThread0" daemon [_thread_in_native, id=25164, stack(0x000000001a880000,0x000000001a980000)]
  0x000000001a20b000 JavaThread "Attach Listener" daemon [_thread_blocked, id=39896, stack(0x000000001a780000,0x000000001a880000)]
  0x000000001a20a000 JavaThread "Signal Dispatcher" daemon [_thread_blocked, id=15172, stack(0x000000001a680000,0x000000001a780000)]
  0x0000000003219000 JavaThread "Finalizer" daemon [_thread_blocked, id=29956, stack(0x000000001a580000,0x000000001a680000)]
  0x000000001828d800 JavaThread "Reference Handler" daemon [_thread_blocked, id=41232, stack(0x000000001a080000,0x000000001a180000)]
  0x0000000002dae800 JavaThread "main" [_thread_blocked, id=39336, stack(0x0000000002c20000,0x0000000002d20000)]

Other Threads:
  0x0000000018288800 VMThread [stack: 0x0000000019f80000,0x000000001a080000] [id=28664]
  0x000000001a320800 WatcherThread [stack: 0x000000001ad80000,0x000000001ae80000] [id=14768]

VM state:not at safepoint (normal execution)

VM Mutex/Monitor currently owned by a thread: None

Heap:
 PSYoungGen      total 109056K, used 4598K [0x00000000d5580000, 0x00000000de700000, 0x0000000100000000)
  eden space 81408K, 5% used [0x00000000d5580000,0x00000000d59fdab8,0x00000000da500000)
  from space 27648K, 0% used [0x00000000da500000,0x00000000da500000,0x00000000dc000000)
  to   space 27136K, 0% used [0x00000000dcc80000,0x00000000dcc80000,0x00000000de700000)
 ParOldGen       total 176640K, used 48854K [0x0000000080000000, 0x000000008ac80000, 0x00000000d5580000)
  object space 176640K, 27% used [0x0000000080000000,0x0000000082fb5a68,0x000000008ac80000)
 Metaspace       used 70145K, capacity 72046K, committed 72704K, reserved 1112064K
  class space    used 9402K, capacity 9854K, committed 9984K, reserved 1048576K

Card table byte_map: [0x00000000125e0000,0x00000000129f0000] byte_map_base: 0x00000000121e0000

Marking Bits: (ParMarkBitMap*) 0x000000006909c720
 Begin Bits: [0x00000000134a0000, 0x00000000154a0000)
 End Bits:   [0x00000000154a0000, 0x00000000174a0000)

Polling page: 0x0000000001410000

CodeCache: size=245760Kb used=35640Kb max_used=35640Kb free=210119Kb
 bounds [0x0000000003220000, 0x0000000005520000, 0x0000000012220000]
 total_blobs=10460 nmethods=9625 adapters=746
 compilation: enabled

Compilation events (10 events):
Event: 66.783 Thread 0x000000001a228000 11333       3       org.gradle.execution.plan.Node::allDependenciesSuccessful (43 bytes)
Event: 66.784 Thread 0x000000001a228000 nmethod 11333 0x00000000054fd5d0 code [0x00000000054fd780, 0x00000000054fddb8]
Event: 66.784 Thread 0x000000001a228000 11327       3       org.gradle.api.internal.artifacts.transform.DefaultExecutionGraphDependenciesResolver::forTransformer (211 bytes)
Event: 66.787 Thread 0x000000001a228000 nmethod 11327 0x00000000054fdf90 code [0x00000000054fe4c0, 0x0000000005501138]
Event: 66.787 Thread 0x000000001a228000 11328       3       org.gradle.internal.fingerprint.impl.EmptyCurrentFileCollectionFingerprint::getHash (4 bytes)
Event: 66.787 Thread 0x000000001a228000 nmethod 11328 0x00000000055030d0 code [0x0000000005503220, 0x0000000005503370]
Event: 66.787 Thread 0x000000001a228000 11329       3       java.lang.invoke.LambdaForm$MH/2032358180::linkToTargetMethod (25 bytes)
Event: 66.787 Thread 0x000000001a228000 nmethod 11329 0x0000000005503410 code [0x0000000005503580, 0x0000000005503af8]
Event: 66.787 Thread 0x000000001a228000 11330       3       java.lang.invoke.LambdaForm$DMH/1574877131::invokeStatic_L10_L (32 bytes)
Event: 66.788 Thread 0x000000001a228000 nmethod 11330 0x0000000005503c10 code [0x0000000005503da0, 0x0000000005504398]

GC Heap History (10 events):
Event: 61.190 GC heap before
{Heap before GC invocations=26 (full 3):
 PSYoungGen      total 83456K, used 83445K [0x00000000d5580000, 0x00000000dcc00000, 0x0000000100000000)
  eden space 72704K, 100% used [0x00000000d5580000,0x00000000d9c80000,0x00000000d9c80000)
  from space 10752K, 99% used [0x00000000dae80000,0x00000000db8fd668,0x00000000db900000)
  to   space 18432K, 0% used [0x00000000d9c80000,0x00000000d9c80000,0x00000000dae80000)
 ParOldGen       total 98816K, used 46060K [0x0000000080000000, 0x0000000086080000, 0x00000000d5580000)
  object space 98816K, 46% used [0x0000000080000000,0x0000000082cfb1a8,0x0000000086080000)
 Metaspace       used 68111K, capacity 70306K, committed 70528K, reserved 1110016K
  class space    used 9309K, capacity 9806K, committed 9856K, reserved 1048576K
Event: 61.217 GC heap after
Heap after GC invocations=26 (full 3):
 PSYoungGen      total 91136K, used 18406K [0x00000000d5580000, 0x00000000dd880000, 0x0000000100000000)
  eden space 72704K, 0% used [0x00000000d5580000,0x00000000d5580000,0x00000000d9c80000)
  from space 18432K, 99% used [0x00000000d9c80000,0x00000000dae799b0,0x00000000dae80000)
  to   space 25088K, 0% used [0x00000000dc000000,0x00000000dc000000,0x00000000dd880000)
 ParOldGen       total 98816K, used 55645K [0x0000000080000000, 0x0000000086080000, 0x00000000d5580000)
  object space 98816K, 56% used [0x0000000080000000,0x0000000083657580,0x0000000086080000)
 Metaspace       used 68111K, capacity 70306K, committed 70528K, reserved 1110016K
  class space    used 9309K, capacity 9806K, committed 9856K, reserved 1048576K
}
Event: 61.738 GC heap before
{Heap before GC invocations=27 (full 3):
 PSYoungGen      total 91136K, used 91110K [0x00000000d5580000, 0x00000000dd880000, 0x0000000100000000)
  eden space 72704K, 100% used [0x00000000d5580000,0x00000000d9c80000,0x00000000d9c80000)
  from space 18432K, 99% used [0x00000000d9c80000,0x00000000dae799b0,0x00000000dae80000)
  to   space 25088K, 0% used [0x00000000dc000000,0x00000000dc000000,0x00000000dd880000)
 ParOldGen       total 98816K, used 55645K [0x0000000080000000, 0x0000000086080000, 0x00000000d5580000)
  object space 98816K, 56% used [0x0000000080000000,0x0000000083657580,0x0000000086080000)
 Metaspace       used 68344K, capacity 70498K, committed 70784K, reserved 1110016K
  class space    used 9312K, capacity 9806K, committed 9856K, reserved 1048576K
Event: 61.765 GC heap after
Heap after GC invocations=27 (full 3):
 PSYoungGen      total 106496K, used 21685K [0x00000000d5580000, 0x00000000de280000, 0x0000000100000000)
  eden space 81408K, 0% used [0x00000000d5580000,0x00000000d5580000,0x00000000da500000)
  from space 25088K, 86% used [0x00000000dc000000,0x00000000dd52d628,0x00000000dd880000)
  to   space 27648K, 0% used [0x00000000da500000,0x00000000da500000,0x00000000dc000000)
 ParOldGen       total 98816K, used 72129K [0x0000000080000000, 0x0000000086080000, 0x00000000d5580000)
  object space 98816K, 72% used [0x0000000080000000,0x00000000846705c0,0x0000000086080000)
 Metaspace       used 68344K, capacity 70498K, committed 70784K, reserved 1110016K
  class space    used 9312K, capacity 9806K, committed 9856K, reserved 1048576K
}
Event: 63.488 GC heap before
{Heap before GC invocations=28 (full 3):
 PSYoungGen      total 106496K, used 103093K [0x00000000d5580000, 0x00000000de280000, 0x0000000100000000)
  eden space 81408K, 100% used [0x00000000d5580000,0x00000000da500000,0x00000000da500000)
  from space 25088K, 86% used [0x00000000dc000000,0x00000000dd52d628,0x00000000dd880000)
  to   space 27648K, 0% used [0x00000000da500000,0x00000000da500000,0x00000000dc000000)
 ParOldGen       total 98816K, used 72129K [0x0000000080000000, 0x0000000086080000, 0x00000000d5580000)
  object space 98816K, 72% used [0x0000000080000000,0x00000000846705c0,0x0000000086080000)
 Metaspace       used 69821K, capacity 71970K, committed 72192K, reserved 1112064K
  class space    used 9419K, capacity 9934K, committed 9984K, reserved 1048576K
Event: 63.514 GC heap after
Heap after GC invocations=28 (full 3):
 PSYoungGen      total 109056K, used 13340K [0x00000000d5580000, 0x00000000de700000, 0x0000000100000000)
  eden space 81408K, 0% used [0x00000000d5580000,0x00000000d5580000,0x00000000da500000)
  from space 27648K, 48% used [0x00000000da500000,0x00000000db2072c0,0x00000000dc000000)
  to   space 27136K, 0% used [0x00000000dcc80000,0x00000000dcc80000,0x00000000de700000)
 ParOldGen       total 98816K, used 93016K [0x0000000080000000, 0x0000000086080000, 0x00000000d5580000)
  object space 98816K, 94% used [0x0000000080000000,0x0000000085ad61b8,0x0000000086080000)
 Metaspace       used 69821K, capacity 71970K, committed 72192K, reserved 1112064K
  class space    used 9419K, capacity 9934K, committed 9984K, reserved 1048576K
}
Event: 63.514 GC heap before
{Heap before GC invocations=29 (full 4):
 PSYoungGen      total 109056K, used 13340K [0x00000000d5580000, 0x00000000de700000, 0x0000000100000000)
  eden space 81408K, 0% used [0x00000000d5580000,0x00000000d5580000,0x00000000da500000)
  from space 27648K, 48% used [0x00000000da500000,0x00000000db2072c0,0x00000000dc000000)
  to   space 27136K, 0% used [0x00000000dcc80000,0x00000000dcc80000,0x00000000de700000)
 ParOldGen       total 98816K, used 93016K [0x0000000080000000, 0x0000000086080000, 0x00000000d5580000)
  object space 98816K, 94% used [0x0000000080000000,0x0000000085ad61b8,0x0000000086080000)
 Metaspace       used 69821K, capacity 71970K, committed 72192K, reserved 1112064K
  class space    used 9419K, capacity 9934K, committed 9984K, reserved 1048576K
Event: 64.135 GC heap after
Heap after GC invocations=29 (full 4):
 PSYoungGen      total 109056K, used 916K [0x00000000d5580000, 0x00000000de700000, 0x0000000100000000)
  eden space 81408K, 0% used [0x00000000d5580000,0x00000000d5580000,0x00000000da500000)
  from space 27648K, 3% used [0x00000000da500000,0x00000000da5e50c0,0x00000000dc000000)
  to   space 27136K, 0% used [0x00000000dcc80000,0x00000000dcc80000,0x00000000de700000)
 ParOldGen       total 98816K, used 98445K [0x0000000080000000, 0x0000000086080000, 0x00000000d5580000)
  object space 98816K, 99% used [0x0000000080000000,0x0000000086023768,0x0000000086080000)
 Metaspace       used 69656K, capacity 71528K, committed 72192K, reserved 1112064K
  class space    used 9367K, capacity 9843K, committed 9984K, reserved 1048576K
}
Event: 66.644 GC heap before
{Heap before GC invocations=30 (full 5):
 PSYoungGen      total 109056K, used 82324K [0x00000000d5580000, 0x00000000de700000, 0x0000000100000000)
  eden space 81408K, 100% used [0x00000000d5580000,0x00000000da500000,0x00000000da500000)
  from space 27648K, 3% used [0x00000000da500000,0x00000000da5e50c0,0x00000000dc000000)
  to   space 27136K, 0% used [0x00000000dcc80000,0x00000000dcc80000,0x00000000de700000)
 ParOldGen       total 98816K, used 98445K [0x0000000080000000, 0x0000000086080000, 0x00000000d5580000)
  object space 98816K, 99% used [0x0000000080000000,0x0000000086023768,0x0000000086080000)
 Metaspace       used 70110K, capacity 72038K, committed 72704K, reserved 1112064K
  class space    used 9400K, capacity 9854K, committed 9984K, reserved 1048576K
Event: 66.748 GC heap after
Heap after GC invocations=30 (full 5):
 PSYoungGen      total 109056K, used 0K [0x00000000d5580000, 0x00000000de700000, 0x0000000100000000)
  eden space 81408K, 0% used [0x00000000d5580000,0x00000000d5580000,0x00000000da500000)
  from space 27648K, 0% used [0x00000000da500000,0x00000000da500000,0x00000000dc000000)
  to   space 27136K, 0% used [0x00000000dcc80000,0x00000000dcc80000,0x00000000de700000)
 ParOldGen       total 176640K, used 48854K [0x0000000080000000, 0x000000008ac80000, 0x00000000d5580000)
  object space 176640K, 27% used [0x0000000080000000,0x0000000082fb5a68,0x000000008ac80000)
 Metaspace       used 70110K, capacity 72038K, committed 72704K, reserved 1112064K
  class space    used 9400K, capacity 9854K, committed 9984K, reserved 1048576K
}

Deoptimization events (10 events):
Event: 65.768 Thread 0x000000002150d800 Uncommon trap: reason=unstable_if action=reinterpret pc=0x00000000053aa474 method=com.sun.tools.javac.code.Types.cvarLowerBound(Lcom/sun/tools/javac/code/Type;)Lcom/sun/tools/javac/code/Type; @ 7
Event: 65.789 Thread 0x000000002150d800 Uncommon trap: reason=unstable_if action=reinterpret pc=0x0000000003b4c124 method=com.sun.tools.javac.code.Types.cvarLowerBound(Lcom/sun/tools/javac/code/Type;)Lcom/sun/tools/javac/code/Type; @ 7
Event: 65.808 Thread 0x000000002150d800 Uncommon trap: reason=unstable_if action=reinterpret pc=0x0000000005194604 method=com.sun.tools.javac.code.Types.cvarLowerBound(Lcom/sun/tools/javac/code/Type;)Lcom/sun/tools/javac/code/Type; @ 7
Event: 66.104 Thread 0x000000002150d800 Uncommon trap: reason=unstable_if action=reinterpret pc=0x0000000003666b90 method=sun.nio.cs.ext.DoubleByte$Encoder.encodeArrayLoop(Ljava/nio/CharBuffer;Ljava/nio/ByteBuffer;)Ljava/nio/charset/CoderResult; @ 218
Event: 66.115 Thread 0x000000001be41000 Uncommon trap: reason=unstable_if action=reinterpret pc=0x00000000034239e8 method=com.esotericsoftware.kryo.io.Output.writeString(Ljava/lang/CharSequence;)V @ 83
Event: 66.116 Thread 0x000000001be41000 Uncommon trap: reason=unstable_if action=reinterpret pc=0x0000000003bd8e44 method=com.esotericsoftware.kryo.io.Output.writeString(Ljava/lang/CharSequence;)V @ 83
Event: 66.257 Thread 0x000000002150e800 Uncommon trap: reason=unstable_if action=reinterpret pc=0x00000000039c5758 method=com.esotericsoftware.kryo.io.Output.writeBytes([BII)V @ 61
Event: 66.263 Thread 0x000000001bead000 Uncommon trap: reason=predicate action=maybe_recompile pc=0x00000000048f57d8 method=java.util.ComparableTimSort.binarySort([Ljava/lang/Object;III)V @ 37
Event: 66.264 Thread 0x000000001bead000 Uncommon trap: reason=unstable_if action=reinterpret pc=0x0000000004404e84 method=com.esotericsoftware.kryo.io.Output.writeBytes([BII)V @ 61
Event: 66.266 Thread 0x000000001bead000 Uncommon trap: reason=unstable_if action=reinterpret pc=0x000000000461c3c8 method=java.io.ObjectStreamClass.writeNonProxy(Ljava/io/ObjectOutputStream;)V @ 22

Internal exceptions (10 events):
Event: 48.981 Thread 0x000000001bead000 Exception <a 'java/lang/NoSuchMethodError': <clinit>> (0x00000000d8f45138) thrown at [C:\re\workspace\8-2-build-windows-amd64-cygwin\jdk8u131\8869\hotspot\src\share\vm\prims\jni.cpp, line 1613]
Event: 48.981 Thread 0x000000001bead000 Exception <a 'java/lang/NoSuchMethodError': <clinit>> (0x00000000d8f46c70) thrown at [C:\re\workspace\8-2-build-windows-amd64-cygwin\jdk8u131\8869\hotspot\src\share\vm\prims\jni.cpp, line 1613]
Event: 49.681 Thread 0x0000000021503000 Implicit null exception at 0x00000000035e0a60 to 0x00000000035e0d40
Event: 49.820 Thread 0x000000001bead000 Exception <a 'java/lang/NoSuchMethodError': <clinit>> (0x00000000d63f34e0) thrown at [C:\re\workspace\8-2-build-windows-amd64-cygwin\jdk8u131\8869\hotspot\src\share\vm\prims\jni.cpp, line 1613]
Event: 51.188 Thread 0x000000001be08000 Exception <a 'java/lang/NoSuchMethodError': <clinit>> (0x00000000d7d22d58) thrown at [C:\re\workspace\8-2-build-windows-amd64-cygwin\jdk8u131\8869\hotspot\src\share\vm\prims\jni.cpp, line 1613]
Event: 60.324 Thread 0x000000002150d800 Implicit null exception at 0x00000000047f7923 to 0x00000000047f7ff1
Event: 61.373 Thread 0x000000002150d800 Implicit null exception at 0x0000000004aa2d31 to 0x0000000004aa30ed
Event: 61.982 Thread 0x000000002150d800 Implicit null exception at 0x0000000004b36983 to 0x0000000004b37ecd
Event: 66.259 Thread 0x000000001bead000 Exception <a 'java/lang/NoSuchMethodError': <clinit>> (0x00000000d9e62eb0) thrown at [C:\re\workspace\8-2-build-windows-amd64-cygwin\jdk8u131\8869\hotspot\src\share\vm\prims\jni.cpp, line 1613]
Event: 66.264 Thread 0x000000001bead000 Exception <a 'java/lang/NoSuchMethodError': <clinit>> (0x00000000d9ee6080) thrown at [C:\re\workspace\8-2-build-windows-amd64-cygwin\jdk8u131\8869\hotspot\src\share\vm\prims\jni.cpp, line 1613]

Events (10 events):
Event: 66.752 Executing VM operation: BulkRevokeBias
Event: 66.753 Executing VM operation: BulkRevokeBias done
Event: 66.755 loading class org/gradle/api/internal/project/DefaultProjectStateRegistry$SafeExclusiveLockImpl$1
Event: 66.755 loading class org/gradle/api/internal/project/DefaultProjectStateRegistry$SafeExclusiveLockImpl$1 done
Event: 66.755 loading class org/gradle/internal/snapshot/impl/IsolatedSet
Event: 66.755 loading class org/gradle/internal/snapshot/impl/IsolatedSet done
Event: 66.756 loading class org/gradle/api/internal/file/collections/DefaultConfigurableFileCollection$1
Event: 66.756 loading class org/gradle/api/internal/file/collections/DefaultConfigurableFileCollection$1 done
Event: 66.782 Thread 0x000000001bdff800 DEOPT PACKING pc=0x0000000003a2ac78 sp=0x0000000022ffe010
Event: 66.782 Thread 0x000000001bdff800 DEOPT UNPACKING pc=0x000000000326787f sp=0x0000000022ffdd60 mode 0


Dynamic libraries:
0x00007ff6e91b0000 - 0x00007ff6e91e7000 	C:\Java\jdk1.8.0_131\bin\java.exe
0x00007ffebfb00000 - 0x00007ffebfcf0000 	C:\WINDOWS\SYSTEM32\ntdll.dll
0x00007ffebefa0000 - 0x00007ffebf052000 	C:\WINDOWS\System32\KERNEL32.DLL
0x00007ffebd770000 - 0x00007ffebda14000 	C:\WINDOWS\System32\KERNELBASE.dll
0x00007ffebf5a0000 - 0x00007ffebf643000 	C:\WINDOWS\System32\ADVAPI32.dll
0x00007ffebdee0000 - 0x00007ffebdf7e000 	C:\WINDOWS\System32\msvcrt.dll
0x00007ffebee60000 - 0x00007ffebeef7000 	C:\WINDOWS\System32\sechost.dll
0x00007ffebe180000 - 0x00007ffebe2a0000 	C:\WINDOWS\System32\RPCRT4.dll
0x00007ffebdfe0000 - 0x00007ffebe174000 	C:\WINDOWS\System32\USER32.dll
0x00007ffebdb20000 - 0x00007ffebdb41000 	C:\WINDOWS\System32\win32u.dll
0x00007ffebef70000 - 0x00007ffebef96000 	C:\WINDOWS\System32\GDI32.dll
0x00007ffebd5d0000 - 0x00007ffebd764000 	C:\WINDOWS\System32\gdi32full.dll
0x00007ffebcb00000 - 0x00007ffebcb9e000 	C:\WINDOWS\System32\msvcp_win.dll
0x00007ffebda20000 - 0x00007ffebdb1a000 	C:\WINDOWS\System32\ucrtbase.dll
0x00007ffea7f00000 - 0x00007ffea8184000 	C:\WINDOWS\WinSxS\amd64_microsoft.windows.common-controls_6595b64144ccf1df_6.0.18362.836_none_e6c4b943130f18ed\COMCTL32.dll
0x00007ffebe400000 - 0x00007ffebe736000 	C:\WINDOWS\System32\combase.dll
0x00007ffebcba0000 - 0x00007ffebcc20000 	C:\WINDOWS\System32\bcryptPrimitives.dll
0x00007ffebddf0000 - 0x00007ffebde1e000 	C:\WINDOWS\System32\IMM32.DLL
0x0000000069120000 - 0x00000000691f2000 	C:\Java\jdk1.8.0_131\jre\bin\msvcr100.dll
0x0000000068880000 - 0x000000006911c000 	C:\Java\jdk1.8.0_131\jre\bin\server\jvm.dll
0x00007ffebe740000 - 0x00007ffebe748000 	C:\WINDOWS\System32\PSAPI.DLL
0x00007ffe96660000 - 0x00007ffe96669000 	C:\WINDOWS\SYSTEM32\WSOCK32.dll
0x00007ffeb77e0000 - 0x00007ffeb77ea000 	C:\WINDOWS\SYSTEM32\VERSION.dll
0x00007ffeb3af0000 - 0x00007ffeb3b14000 	C:\WINDOWS\SYSTEM32\WINMM.dll
0x00007ffebef00000 - 0x00007ffebef6f000 	C:\WINDOWS\System32\WS2_32.dll
0x00007ffeb3ac0000 - 0x00007ffeb3aed000 	C:\WINDOWS\SYSTEM32\WINMMBASE.dll
0x00007ffebcab0000 - 0x00007ffebcafa000 	C:\WINDOWS\System32\cfgmgr32.dll
0x000000006b2e0000 - 0x000000006b2ef000 	C:\Java\jdk1.8.0_131\jre\bin\verify.dll
0x000000006b2b0000 - 0x000000006b2d9000 	C:\Java\jdk1.8.0_131\jre\bin\java.dll
0x0000000068860000 - 0x0000000068876000 	C:\Java\jdk1.8.0_131\jre\bin\zip.dll
0x00007ffebe770000 - 0x00007ffebee54000 	C:\WINDOWS\System32\SHELL32.dll
0x00007ffebfa10000 - 0x00007ffebfab9000 	C:\WINDOWS\System32\shcore.dll
0x00007ffebcc50000 - 0x00007ffebd3ce000 	C:\WINDOWS\System32\windows.storage.dll
0x00007ffebca20000 - 0x00007ffebca43000 	C:\WINDOWS\System32\profapi.dll
0x00007ffebc9d0000 - 0x00007ffebca1a000 	C:\WINDOWS\System32\powrprof.dll
0x00007ffebc9c0000 - 0x00007ffebc9d0000 	C:\WINDOWS\System32\UMPDC.dll
0x00007ffebde20000 - 0x00007ffebde72000 	C:\WINDOWS\System32\shlwapi.dll
0x00007ffebca50000 - 0x00007ffebca61000 	C:\WINDOWS\System32\kernel.appcore.dll
0x00007ffebca90000 - 0x00007ffebcaa7000 	C:\WINDOWS\System32\cryptsp.dll
0x000000006b380000 - 0x000000006b39a000 	C:\Java\jdk1.8.0_131\jre\bin\net.dll
0x00007ffebc1d0000 - 0x00007ffebc237000 	C:\WINDOWS\system32\mswsock.dll
0x000000006b360000 - 0x000000006b371000 	C:\Java\jdk1.8.0_131\jre\bin\nio.dll
0x00007ffe99b50000 - 0x00007ffe99b76000 	C:\Users\23774\.gradle\native\29\windows-amd64\native-platform.dll
0x000000006b3d0000 - 0x000000006b3dd000 	C:\Java\jdk1.8.0_131\jre\bin\management.dll
0x00007ffebbd40000 - 0x00007ffebbd73000 	C:\WINDOWS\system32\rsaenh.dll
0x00007ffebcc20000 - 0x00007ffebcc46000 	C:\WINDOWS\System32\bcrypt.dll
0x00007ffebc8e0000 - 0x00007ffebc905000 	C:\WINDOWS\SYSTEM32\USERENV.dll
0x00007ffebc3a0000 - 0x00007ffebc3ac000 	C:\WINDOWS\SYSTEM32\CRYPTBASE.dll
0x00007ffebbee0000 - 0x00007ffebbf1a000 	C:\WINDOWS\SYSTEM32\IPHLPAPI.DLL
0x00007ffebe320000 - 0x00007ffebe328000 	C:\WINDOWS\System32\NSI.dll
0x00007ffeb8020000 - 0x00007ffeb8036000 	C:\WINDOWS\SYSTEM32\dhcpcsvc6.DLL
0x00007ffeb8000000 - 0x00007ffeb801c000 	C:\WINDOWS\SYSTEM32\dhcpcsvc.DLL
0x00007ffebbf20000 - 0x00007ffebbfeb000 	C:\WINDOWS\SYSTEM32\DNSAPI.dll

VM Arguments:
jvm_args: -Xmx1536m -Dfile.encoding=GBK -Duser.country=CN -Duser.language=zh -Duser.variant -Xmx2048M 
java_command: org.gradle.launcher.daemon.bootstrap.GradleDaemon 5.4.1
java_class_path (initial): C:\Users\23774\.gradle\wrapper\dists\gradle-5.4.1-all\3221gyojl5jsh0helicew7rwx\gradle-5.4.1\lib\gradle-launcher-5.4.1.jar
Launcher Type: SUN_STANDARD

Environment Variables:
JAVA_HOME=C:\Java\jdk1.8.0_131
JRE_HOME=C:\Java\jre1.8.0_131
_JAVA_OPTIONS=-Xmx2048M
CLASSPATH= .;C:\Java\jdk1.8.0_131\lib;C:\Java\jdk1.8.0_131\lib\tools.jar;F:\apache-tomcat-8.5.50\lib\servlet-api.jar
PATH=C:\Java\jdk1.8.0_131\bin;C:\Java\jdk1.8.0_131\jre\bin;C:\Program Files\Microsoft MPI\Bin\;C:\ProgramData\Oracle\Java\javapath;C:\WINDOWS\system32;C:\WINDOWS;C:\WINDOWS\System32\Wbem;C:\WINDOWS\System32\WindowsPowerShell\v1.0\;C:\WINDOWS\System32\OpenSSH\;C:\Program Files\Microsoft SQL Server\Client SDK\ODBC\130\Tools\Binn\;C:\Program Files (x86)\Microsoft SQL Server\140\Tools\Binn\;C:\Program Files\Microsoft SQL Server\140\Tools\Binn\;C:\Program Files\Microsoft SQL Server\140\DTS\Binn\;C:\Program Files (x86)\Microsoft SQL Server\Client SDK\ODBC\130\Tools\Binn\;C:\Program Files (x86)\Microsoft SQL Server\140\DTS\Binn\;C:\Program Files (x86)\Microsoft SQL Server\140\Tools\Binn\ManagementStudio\;C:\Program Files\VanDyke Software\Clients\;C:\Program Files\dotnet\;C:\Program Files\Microsoft SQL Server\130\Tools\Binn\;C:\Program Files\Microsoft SQL Server\120\Tools\Binn\;F:\ideamaven\apache-maven-3.6.1\bin;F:\ideamaven\apache-maven-3.6.1\bin;F:\apache-tomcat-7.0.94\bin;C:\Program Files\Git\cmd;F:\nodejs\;C:\Users\23774\AppData\Local\Android\Sdk\tools;C:\Users\23774\AppData\Local\Android\Sdk\platform-tools;F:\apache-tomcat-8.5.50\lib;F:\apache-tomcat-8.5.50\bin;C:\Users\23774\AppData\Local\Microsoft\WindowsApps;;F:\Microsoft VS Code\bin;F:\JetBrains\IntelliJ IDEA 2019.3.2\bin;;C:\Users\23774\AppData\Roaming\npm
USERNAME=23774
OS=Windows_NT
PROCESSOR_IDENTIFIER=Intel64 Family 6 Model 94 Stepping 3, GenuineIntel



---------------  S Y S T E M  ---------------

OS: Windows 10.0 , 64 bit Build 18362 (10.0.18362.778)

CPU:total 8 (initial active 8) (4 cores per cpu, 2 threads per core) family 6 model 94 stepping 3, cmov, cx8, fxsr, mmx, sse, sse2, sse3, ssse3, sse4.1, sse4.2, popcnt, avx, avx2, aes, clmul, erms, rtm, 3dnowpref, lzcnt, ht, tsc, tscinvbit, bmi1, bmi2, adx

Memory: 4k page, physical 8299308k(472556k free), swap 33465132k(6216k free)

vm_info: Java HotSpot(TM) 64-Bit Server VM (25.131-b11) for windows-amd64 JRE (1.8.0_131-b11), built on Mar 15 2017 01:23:53 by "java_re" with MS VC++ 10.0 (VS2010)

time: Wed May 27 04:12:30 2020
elapsed time: 67 seconds (0d 0h 1m 7s)

